<?xml version="1.0" encoding="utf-8"?>
<CoverageSession xmlns:xsd="http://www.w3.org/2001/XMLSchema" xmlns:xsi="http://www.w3.org/2001/XMLSchema-instance" Version="4.7.922.0">
  <Summary numSequencePoints="626" visitedSequencePoints="0" numBranchPoints="239" visitedBranchPoints="0" sequenceCoverage="0" branchCoverage="0" maxCyclomaticComplexity="10" minCyclomaticComplexity="1" maxCrapScore="110" minCrapScore="2" visitedClasses="0" numClasses="17" visitedMethods="0" numMethods="83" />
  <Modules>
    <Module hash="DD-66-01-38-49-72-57-06-65-EF-9F-DA-8D-B6-29-2F-81-0B-D0-B9">
      <Summary numSequencePoints="626" visitedSequencePoints="0" numBranchPoints="239" visitedBranchPoints="0" sequenceCoverage="0" branchCoverage="0" maxCyclomaticComplexity="10" minCyclomaticComplexity="1" maxCrapScore="110" minCrapScore="2" visitedClasses="0" numClasses="17" visitedMethods="0" numMethods="83" />
      <ModulePath>C:\Users\Dell\OneDrive\Рабочий стол\Len\Learning\C#\SortAlgorithms\Algorithms\bin\Debug\fine-code-coverage\build-output\Algorithms.dll</ModulePath>
      <ModuleTime>2023-01-29T00:09:05.6589496Z</ModuleTime>
      <ModuleName>Algorithms</ModuleName>
      <Files>
        <File uid="1" fullPath="C:\Users\Dell\OneDrive\Рабочий стол\Len\Learning\C#\SortAlgorithms\Algorithms\AlgorithmBase.cs" />
        <File uid="2" fullPath="C:\Users\Dell\OneDrive\Рабочий стол\Len\Learning\C#\SortAlgorithms\Algorithms\BubbleSort.cs" />
        <File uid="3" fullPath="C:\Users\Dell\OneDrive\Рабочий стол\Len\Learning\C#\SortAlgorithms\Algorithms\CocktailSort.cs" />
        <File uid="4" fullPath="C:\Users\Dell\OneDrive\Рабочий стол\Len\Learning\C#\SortAlgorithms\Algorithms\GnomeSort.cs" />
        <File uid="5" fullPath="C:\Users\Dell\OneDrive\Рабочий стол\Len\Learning\C#\SortAlgorithms\Algorithms\HeapSort.cs" />
        <File uid="6" fullPath="C:\Users\Dell\OneDrive\Рабочий стол\Len\Learning\C#\SortAlgorithms\Algorithms\InsertionSort.cs" />
        <File uid="7" fullPath="C:\Users\Dell\OneDrive\Рабочий стол\Len\Learning\C#\SortAlgorithms\Algorithms\MergeSort.cs" />
        <File uid="8" fullPath="C:\Users\Dell\OneDrive\Рабочий стол\Len\Learning\C#\SortAlgorithms\Algorithms\MsdRadixSort.cs" />
        <File uid="9" fullPath="C:\Users\Dell\OneDrive\Рабочий стол\Len\Learning\C#\SortAlgorithms\Algorithms\LsdRadixSort.cs" />
        <File uid="10" fullPath="C:\Users\Dell\OneDrive\Рабочий стол\Len\Learning\C#\SortAlgorithms\Algorithms\QuickSort.cs" />
        <File uid="11" fullPath="C:\Users\Dell\OneDrive\Рабочий стол\Len\Learning\C#\SortAlgorithms\Algorithms\SelectionSort.cs" />
        <File uid="12" fullPath="C:\Users\Dell\OneDrive\Рабочий стол\Len\Learning\C#\SortAlgorithms\Algorithms\ShellSort.cs" />
        <File uid="13" fullPath="C:\Users\Dell\OneDrive\Рабочий стол\Len\Learning\C#\SortAlgorithms\Algorithms\TreeSort.cs" />
        <File uid="15" fullPath="C:\Users\Dell\OneDrive\Рабочий стол\Len\Learning\C#\SortAlgorithms\Algorithms\DataSructures\Heap.cs" />
        <File uid="16" fullPath="C:\Users\Dell\OneDrive\Рабочий стол\Len\Learning\C#\SortAlgorithms\Algorithms\DataSructures\Node.cs" />
        <File uid="17" fullPath="C:\Users\Dell\OneDrive\Рабочий стол\Len\Learning\C#\SortAlgorithms\Algorithms\DataSructures\Tree.cs" />
      </Files>
      <Classes>
        <Class>
          <Summary numSequencePoints="52" visitedSequencePoints="0" numBranchPoints="25" visitedBranchPoints="0" sequenceCoverage="0" branchCoverage="0" maxCyclomaticComplexity="4" minCyclomaticComplexity="1" maxCrapScore="20" minCrapScore="2" visitedClasses="0" numClasses="1" visitedMethods="0" numMethods="13" />
          <FullName>Algorithms.AlgorithmBase`1</FullName>
          <Methods>
            <Method visited="false" cyclomaticComplexity="1" nPathComplexity="0" sequenceCoverage="0" branchCoverage="0" crapScore="2" isConstructor="false" isStatic="false" isGetter="true" isSetter="false">
              <Summary numSequencePoints="1" visitedSequencePoints="0" numBranchPoints="1" visitedBranchPoints="0" sequenceCoverage="0" branchCoverage="0" maxCyclomaticComplexity="1" minCyclomaticComplexity="1" maxCrapScore="2" minCrapScore="2" visitedClasses="0" numClasses="0" visitedMethods="0" numMethods="1" />
              <MetadataToken>100663297</MetadataToken>
              <Name>System.Collections.Generic.List`1&lt;T&gt; Algorithms.AlgorithmBase`1::get_Items()</Name>
              <FileRef uid="1" />
              <SequencePoints>
                <SequencePoint vc="0" uspid="1" ordinal="0" offset="0" sl="10" sc="32" el="10" ec="36" bec="0" bev="0" fileid="1" />
              </SequencePoints>
              <BranchPoints />
              <MethodPoint xsi:type="SequencePoint" vc="0" uspid="1" ordinal="0" offset="0" sl="10" sc="32" el="10" ec="36" bec="0" bev="0" fileid="1" />
            </Method>
            <Method visited="false" cyclomaticComplexity="1" nPathComplexity="0" sequenceCoverage="0" branchCoverage="0" crapScore="2" isConstructor="false" isStatic="false" isGetter="false" isSetter="true">
              <Summary numSequencePoints="1" visitedSequencePoints="0" numBranchPoints="1" visitedBranchPoints="0" sequenceCoverage="0" branchCoverage="0" maxCyclomaticComplexity="1" minCyclomaticComplexity="1" maxCrapScore="2" minCrapScore="2" visitedClasses="0" numClasses="0" visitedMethods="0" numMethods="1" />
              <MetadataToken>100663298</MetadataToken>
              <Name>System.Void Algorithms.AlgorithmBase`1::set_Items(System.Collections.Generic.List`1&lt;T&gt;)</Name>
              <FileRef uid="1" />
              <SequencePoints>
                <SequencePoint vc="0" uspid="2" ordinal="0" offset="0" sl="10" sc="37" el="10" ec="41" bec="0" bev="0" fileid="1" />
              </SequencePoints>
              <BranchPoints />
              <MethodPoint xsi:type="SequencePoint" vc="0" uspid="2" ordinal="0" offset="0" sl="10" sc="37" el="10" ec="41" bec="0" bev="0" fileid="1" />
            </Method>
            <Method visited="false" cyclomaticComplexity="1" nPathComplexity="0" sequenceCoverage="0" branchCoverage="0" crapScore="2" isConstructor="false" isStatic="false" isGetter="true" isSetter="false">
              <Summary numSequencePoints="1" visitedSequencePoints="0" numBranchPoints="1" visitedBranchPoints="0" sequenceCoverage="0" branchCoverage="0" maxCyclomaticComplexity="1" minCyclomaticComplexity="1" maxCrapScore="2" minCrapScore="2" visitedClasses="0" numClasses="0" visitedMethods="0" numMethods="1" />
              <MetadataToken>100663299</MetadataToken>
              <Name>System.Int32 Algorithms.AlgorithmBase`1::get_SwopCount()</Name>
              <FileRef uid="1" />
              <SequencePoints>
                <SequencePoint vc="0" uspid="3" ordinal="0" offset="0" sl="11" sc="32" el="11" ec="36" bec="0" bev="0" fileid="1" />
              </SequencePoints>
              <BranchPoints />
              <MethodPoint xsi:type="SequencePoint" vc="0" uspid="3" ordinal="0" offset="0" sl="11" sc="32" el="11" ec="36" bec="0" bev="0" fileid="1" />
            </Method>
            <Method visited="false" cyclomaticComplexity="1" nPathComplexity="0" sequenceCoverage="0" branchCoverage="0" crapScore="2" isConstructor="false" isStatic="false" isGetter="false" isSetter="true">
              <Summary numSequencePoints="1" visitedSequencePoints="0" numBranchPoints="1" visitedBranchPoints="0" sequenceCoverage="0" branchCoverage="0" maxCyclomaticComplexity="1" minCyclomaticComplexity="1" maxCrapScore="2" minCrapScore="2" visitedClasses="0" numClasses="0" visitedMethods="0" numMethods="1" />
              <MetadataToken>100663300</MetadataToken>
              <Name>System.Void Algorithms.AlgorithmBase`1::set_SwopCount(System.Int32)</Name>
              <FileRef uid="1" />
              <SequencePoints>
                <SequencePoint vc="0" uspid="4" ordinal="0" offset="0" sl="11" sc="37" el="11" ec="51" bec="0" bev="0" fileid="1" />
              </SequencePoints>
              <BranchPoints />
              <MethodPoint xsi:type="SequencePoint" vc="0" uspid="4" ordinal="0" offset="0" sl="11" sc="37" el="11" ec="51" bec="0" bev="0" fileid="1" />
            </Method>
            <Method visited="false" cyclomaticComplexity="1" nPathComplexity="0" sequenceCoverage="0" branchCoverage="0" crapScore="2" isConstructor="false" isStatic="false" isGetter="true" isSetter="false">
              <Summary numSequencePoints="1" visitedSequencePoints="0" numBranchPoints="1" visitedBranchPoints="0" sequenceCoverage="0" branchCoverage="0" maxCyclomaticComplexity="1" minCyclomaticComplexity="1" maxCrapScore="2" minCrapScore="2" visitedClasses="0" numClasses="0" visitedMethods="0" numMethods="1" />
              <MetadataToken>100663301</MetadataToken>
              <Name>System.Int32 Algorithms.AlgorithmBase`1::get_ComparisonCount()</Name>
              <FileRef uid="1" />
              <SequencePoints>
                <SequencePoint vc="0" uspid="5" ordinal="0" offset="0" sl="12" sc="38" el="12" ec="42" bec="0" bev="0" fileid="1" />
              </SequencePoints>
              <BranchPoints />
              <MethodPoint xsi:type="SequencePoint" vc="0" uspid="5" ordinal="0" offset="0" sl="12" sc="38" el="12" ec="42" bec="0" bev="0" fileid="1" />
            </Method>
            <Method visited="false" cyclomaticComplexity="1" nPathComplexity="0" sequenceCoverage="0" branchCoverage="0" crapScore="2" isConstructor="false" isStatic="false" isGetter="false" isSetter="true">
              <Summary numSequencePoints="1" visitedSequencePoints="0" numBranchPoints="1" visitedBranchPoints="0" sequenceCoverage="0" branchCoverage="0" maxCyclomaticComplexity="1" minCyclomaticComplexity="1" maxCrapScore="2" minCrapScore="2" visitedClasses="0" numClasses="0" visitedMethods="0" numMethods="1" />
              <MetadataToken>100663302</MetadataToken>
              <Name>System.Void Algorithms.AlgorithmBase`1::set_ComparisonCount(System.Int32)</Name>
              <FileRef uid="1" />
              <SequencePoints>
                <SequencePoint vc="0" uspid="6" ordinal="0" offset="0" sl="12" sc="43" el="12" ec="57" bec="0" bev="0" fileid="1" />
              </SequencePoints>
              <BranchPoints />
              <MethodPoint xsi:type="SequencePoint" vc="0" uspid="6" ordinal="0" offset="0" sl="12" sc="43" el="12" ec="57" bec="0" bev="0" fileid="1" />
            </Method>
            <Method visited="false" cyclomaticComplexity="2" nPathComplexity="0" sequenceCoverage="0" branchCoverage="0" crapScore="6" isConstructor="false" isStatic="false" isGetter="false" isSetter="false">
              <Summary numSequencePoints="0" visitedSequencePoints="0" numBranchPoints="0" visitedBranchPoints="0" sequenceCoverage="0" branchCoverage="0" maxCyclomaticComplexity="2" minCyclomaticComplexity="2" maxCrapScore="6" minCrapScore="6" visitedClasses="0" numClasses="0" visitedMethods="0" numMethods="0" />
              <MetadataToken>100663303</MetadataToken>
              <Name>System.Void Algorithms.AlgorithmBase`1::add_CompareEvent(System.EventHandler`1&lt;System.Tuple`2&lt;T,T&gt;&gt;)</Name>
              <SequencePoints />
              <BranchPoints />
              <MethodPoint vc="0" uspid="7" ordinal="0" offset="0" />
            </Method>
            <Method visited="false" cyclomaticComplexity="2" nPathComplexity="0" sequenceCoverage="0" branchCoverage="0" crapScore="6" isConstructor="false" isStatic="false" isGetter="false" isSetter="false">
              <Summary numSequencePoints="0" visitedSequencePoints="0" numBranchPoints="0" visitedBranchPoints="0" sequenceCoverage="0" branchCoverage="0" maxCyclomaticComplexity="2" minCyclomaticComplexity="2" maxCrapScore="6" minCrapScore="6" visitedClasses="0" numClasses="0" visitedMethods="0" numMethods="0" />
              <MetadataToken>100663304</MetadataToken>
              <Name>System.Void Algorithms.AlgorithmBase`1::remove_CompareEvent(System.EventHandler`1&lt;System.Tuple`2&lt;T,T&gt;&gt;)</Name>
              <SequencePoints />
              <BranchPoints />
              <MethodPoint vc="0" uspid="8" ordinal="0" offset="0" />
            </Method>
            <Method visited="false" cyclomaticComplexity="2" nPathComplexity="0" sequenceCoverage="0" branchCoverage="0" crapScore="6" isConstructor="false" isStatic="false" isGetter="false" isSetter="false">
              <Summary numSequencePoints="0" visitedSequencePoints="0" numBranchPoints="0" visitedBranchPoints="0" sequenceCoverage="0" branchCoverage="0" maxCyclomaticComplexity="2" minCyclomaticComplexity="2" maxCrapScore="6" minCrapScore="6" visitedClasses="0" numClasses="0" visitedMethods="0" numMethods="0" />
              <MetadataToken>100663305</MetadataToken>
              <Name>System.Void Algorithms.AlgorithmBase`1::add_SwopEvent(System.EventHandler`1&lt;System.Tuple`2&lt;T,T&gt;&gt;)</Name>
              <SequencePoints />
              <BranchPoints />
              <MethodPoint vc="0" uspid="9" ordinal="0" offset="0" />
            </Method>
            <Method visited="false" cyclomaticComplexity="2" nPathComplexity="0" sequenceCoverage="0" branchCoverage="0" crapScore="6" isConstructor="false" isStatic="false" isGetter="false" isSetter="false">
              <Summary numSequencePoints="0" visitedSequencePoints="0" numBranchPoints="0" visitedBranchPoints="0" sequenceCoverage="0" branchCoverage="0" maxCyclomaticComplexity="2" minCyclomaticComplexity="2" maxCrapScore="6" minCrapScore="6" visitedClasses="0" numClasses="0" visitedMethods="0" numMethods="0" />
              <MetadataToken>100663306</MetadataToken>
              <Name>System.Void Algorithms.AlgorithmBase`1::remove_SwopEvent(System.EventHandler`1&lt;System.Tuple`2&lt;T,T&gt;&gt;)</Name>
              <SequencePoints />
              <BranchPoints />
              <MethodPoint vc="0" uspid="10" ordinal="0" offset="0" />
            </Method>
            <Method visited="false" cyclomaticComplexity="2" nPathComplexity="0" sequenceCoverage="0" branchCoverage="0" crapScore="6" isConstructor="false" isStatic="false" isGetter="false" isSetter="false">
              <Summary numSequencePoints="0" visitedSequencePoints="0" numBranchPoints="0" visitedBranchPoints="0" sequenceCoverage="0" branchCoverage="0" maxCyclomaticComplexity="2" minCyclomaticComplexity="2" maxCrapScore="6" minCrapScore="6" visitedClasses="0" numClasses="0" visitedMethods="0" numMethods="0" />
              <MetadataToken>100663307</MetadataToken>
              <Name>System.Void Algorithms.AlgorithmBase`1::add_SetEvent(System.EventHandler`1&lt;System.Tuple`2&lt;System.Int32,T&gt;&gt;)</Name>
              <SequencePoints />
              <BranchPoints />
              <MethodPoint vc="0" uspid="11" ordinal="0" offset="0" />
            </Method>
            <Method visited="false" cyclomaticComplexity="2" nPathComplexity="0" sequenceCoverage="0" branchCoverage="0" crapScore="6" isConstructor="false" isStatic="false" isGetter="false" isSetter="false">
              <Summary numSequencePoints="0" visitedSequencePoints="0" numBranchPoints="0" visitedBranchPoints="0" sequenceCoverage="0" branchCoverage="0" maxCyclomaticComplexity="2" minCyclomaticComplexity="2" maxCrapScore="6" minCrapScore="6" visitedClasses="0" numClasses="0" visitedMethods="0" numMethods="0" />
              <MetadataToken>100663308</MetadataToken>
              <Name>System.Void Algorithms.AlgorithmBase`1::remove_SetEvent(System.EventHandler`1&lt;System.Tuple`2&lt;System.Int32,T&gt;&gt;)</Name>
              <SequencePoints />
              <BranchPoints />
              <MethodPoint vc="0" uspid="12" ordinal="0" offset="0" />
            </Method>
            <Method visited="false" cyclomaticComplexity="1" nPathComplexity="0" sequenceCoverage="0" branchCoverage="0" crapScore="2" isConstructor="true" isStatic="false" isGetter="false" isSetter="false">
              <Summary numSequencePoints="7" visitedSequencePoints="0" numBranchPoints="1" visitedBranchPoints="0" sequenceCoverage="0" branchCoverage="0" maxCyclomaticComplexity="1" minCyclomaticComplexity="1" maxCrapScore="2" minCrapScore="2" visitedClasses="0" numClasses="0" visitedMethods="0" numMethods="1" />
              <MetadataToken>100663309</MetadataToken>
              <Name>System.Void Algorithms.AlgorithmBase`1::.ctor(System.Collections.Generic.IEnumerable`1&lt;T&gt;)</Name>
              <FileRef uid="1" />
              <SequencePoints>
                <SequencePoint vc="0" uspid="13" ordinal="0" offset="0" sl="10" sc="46" el="10" ec="59" bec="0" bev="0" fileid="1" />
                <SequencePoint vc="0" uspid="14" ordinal="1" offset="11" sl="11" sc="56" el="11" ec="57" bec="0" bev="0" fileid="1" />
                <SequencePoint vc="0" uspid="15" ordinal="2" offset="18" sl="12" sc="62" el="12" ec="63" bec="0" bev="0" fileid="1" />
                <SequencePoint vc="0" uspid="16" ordinal="3" offset="25" sl="18" sc="9" el="18" ec="51" bec="0" bev="0" fileid="1" />
                <SequencePoint vc="0" uspid="17" ordinal="4" offset="32" sl="19" sc="9" el="19" ec="10" bec="0" bev="0" fileid="1" />
                <SequencePoint vc="0" uspid="18" ordinal="5" offset="33" sl="20" sc="13" el="20" ec="35" bec="0" bev="0" fileid="1" />
                <SequencePoint vc="0" uspid="19" ordinal="6" offset="46" sl="21" sc="9" el="21" ec="10" bec="0" bev="0" fileid="1" />
              </SequencePoints>
              <BranchPoints />
              <MethodPoint xsi:type="SequencePoint" vc="0" uspid="13" ordinal="0" offset="0" sl="10" sc="46" el="10" ec="59" bec="0" bev="0" fileid="1" />
            </Method>
            <Method visited="false" cyclomaticComplexity="1" nPathComplexity="0" sequenceCoverage="0" branchCoverage="0" crapScore="2" isConstructor="true" isStatic="false" isGetter="false" isSetter="false">
              <Summary numSequencePoints="6" visitedSequencePoints="0" numBranchPoints="1" visitedBranchPoints="0" sequenceCoverage="0" branchCoverage="0" maxCyclomaticComplexity="1" minCyclomaticComplexity="1" maxCrapScore="2" minCrapScore="2" visitedClasses="0" numClasses="0" visitedMethods="0" numMethods="1" />
              <MetadataToken>100663310</MetadataToken>
              <Name>System.Void Algorithms.AlgorithmBase`1::.ctor()</Name>
              <FileRef uid="1" />
              <SequencePoints>
                <SequencePoint vc="0" uspid="20" ordinal="0" offset="0" sl="10" sc="46" el="10" ec="59" bec="0" bev="0" fileid="1" />
                <SequencePoint vc="0" uspid="21" ordinal="1" offset="11" sl="11" sc="56" el="11" ec="57" bec="0" bev="0" fileid="1" />
                <SequencePoint vc="0" uspid="22" ordinal="2" offset="18" sl="12" sc="62" el="12" ec="63" bec="0" bev="0" fileid="1" />
                <SequencePoint vc="0" uspid="23" ordinal="3" offset="25" sl="22" sc="9" el="22" ec="31" bec="0" bev="0" fileid="1" />
                <SequencePoint vc="0" uspid="24" ordinal="4" offset="32" sl="22" sc="32" el="22" ec="33" bec="0" bev="0" fileid="1" />
                <SequencePoint vc="0" uspid="25" ordinal="5" offset="33" sl="22" sc="34" el="22" ec="35" bec="0" bev="0" fileid="1" />
              </SequencePoints>
              <BranchPoints />
              <MethodPoint xsi:type="SequencePoint" vc="0" uspid="20" ordinal="0" offset="0" sl="10" sc="46" el="10" ec="59" bec="0" bev="0" fileid="1" />
            </Method>
            <Method visited="false" cyclomaticComplexity="4" nPathComplexity="8" sequenceCoverage="0" branchCoverage="0" crapScore="20" isConstructor="false" isStatic="false" isGetter="false" isSetter="false">
              <Summary numSequencePoints="10" visitedSequencePoints="0" numBranchPoints="7" visitedBranchPoints="0" sequenceCoverage="0" branchCoverage="0" maxCyclomaticComplexity="4" minCyclomaticComplexity="4" maxCrapScore="20" minCrapScore="20" visitedClasses="0" numClasses="0" visitedMethods="0" numMethods="1" />
              <MetadataToken>100663311</MetadataToken>
              <Name>System.Void Algorithms.AlgorithmBase`1::Swop(System.Int32,System.Int32)</Name>
              <FileRef uid="1" />
              <SequencePoints>
                <SequencePoint vc="0" uspid="26" ordinal="0" offset="0" sl="25" sc="9" el="25" ec="10" bec="0" bev="0" fileid="1" />
                <SequencePoint vc="0" uspid="27" ordinal="1" offset="1" sl="26" sc="13" el="26" ec="68" bec="4" bev="0" fileid="1" />
                <SequencePoint vc="0" uspid="28" ordinal="2" offset="36" sl="27" sc="13" el="27" ec="14" bec="0" bev="0" fileid="1" />
                <SequencePoint vc="0" uspid="29" ordinal="3" offset="37" sl="28" sc="17" el="28" ec="94" bec="2" bev="0" fileid="1" />
                <SequencePoint vc="0" uspid="30" ordinal="4" offset="85" sl="29" sc="17" el="29" ec="29" bec="0" bev="0" fileid="1" />
                <SequencePoint vc="0" uspid="31" ordinal="5" offset="102" sl="30" sc="17" el="30" ec="45" bec="0" bev="0" fileid="1" />
                <SequencePoint vc="0" uspid="32" ordinal="6" offset="115" sl="31" sc="17" el="31" ec="53" bec="0" bev="0" fileid="1" />
                <SequencePoint vc="0" uspid="33" ordinal="7" offset="140" sl="32" sc="17" el="32" ec="41" bec="0" bev="0" fileid="1" />
                <SequencePoint vc="0" uspid="34" ordinal="8" offset="154" sl="34" sc="13" el="34" ec="14" bec="0" bev="0" fileid="1" />
                <SequencePoint vc="0" uspid="35" ordinal="9" offset="155" sl="35" sc="9" el="35" ec="10" bec="0" bev="0" fileid="1" />
              </SequencePoints>
              <BranchPoints>
                <BranchPoint vc="0" uspid="36" ordinal="0" offset="13" sl="26" path="0" offsetend="15" fileid="1" />
                <BranchPoint vc="0" uspid="37" ordinal="1" offset="13" sl="26" path="1" offsetend="31" fileid="1" />
                <BranchPoint vc="0" uspid="38" ordinal="2" offset="34" sl="26" path="0" offsetend="36" fileid="1" />
                <BranchPoint vc="0" uspid="39" ordinal="3" offset="34" sl="26" path="1" offsetend="155" fileid="1" />
                <BranchPoint vc="0" uspid="40" ordinal="4" offset="44" sl="28" path="0" offsetend="46" fileid="1" />
                <BranchPoint vc="0" uspid="41" ordinal="5" offset="44" sl="28" path="1" offsetend="49" fileid="1" />
              </BranchPoints>
              <MethodPoint xsi:type="SequencePoint" vc="0" uspid="26" ordinal="0" offset="0" sl="25" sc="9" el="25" ec="10" bec="0" bev="0" fileid="1" />
            </Method>
            <Method visited="false" cyclomaticComplexity="3" nPathComplexity="4" sequenceCoverage="0" branchCoverage="0" crapScore="12" isConstructor="false" isStatic="false" isGetter="false" isSetter="false">
              <Summary numSequencePoints="7" visitedSequencePoints="0" numBranchPoints="5" visitedBranchPoints="0" sequenceCoverage="0" branchCoverage="0" maxCyclomaticComplexity="3" minCyclomaticComplexity="3" maxCrapScore="12" minCrapScore="12" visitedClasses="0" numClasses="0" visitedMethods="0" numMethods="1" />
              <MetadataToken>100663312</MetadataToken>
              <Name>System.Void Algorithms.AlgorithmBase`1::Set(System.Int32,T)</Name>
              <FileRef uid="1" />
              <SequencePoints>
                <SequencePoint vc="0" uspid="42" ordinal="0" offset="0" sl="38" sc="9" el="38" ec="10" bec="0" bev="0" fileid="1" />
                <SequencePoint vc="0" uspid="43" ordinal="1" offset="1" sl="39" sc="13" el="39" ec="40" bec="2" bev="0" fileid="1" />
                <SequencePoint vc="0" uspid="44" ordinal="2" offset="19" sl="40" sc="13" el="40" ec="14" bec="0" bev="0" fileid="1" />
                <SequencePoint vc="0" uspid="45" ordinal="3" offset="20" sl="41" sc="17" el="41" ec="75" bec="2" bev="0" fileid="1" />
                <SequencePoint vc="0" uspid="46" ordinal="4" offset="46" sl="42" sc="17" el="42" ec="40" bec="0" bev="0" fileid="1" />
                <SequencePoint vc="0" uspid="47" ordinal="5" offset="60" sl="43" sc="13" el="43" ec="14" bec="0" bev="0" fileid="1" />
                <SequencePoint vc="0" uspid="48" ordinal="6" offset="61" sl="44" sc="9" el="44" ec="10" bec="0" bev="0" fileid="1" />
              </SequencePoints>
              <BranchPoints>
                <BranchPoint vc="0" uspid="49" ordinal="0" offset="17" sl="39" path="0" offsetend="19" fileid="1" />
                <BranchPoint vc="0" uspid="50" ordinal="1" offset="17" sl="39" path="1" offsetend="61" fileid="1" />
                <BranchPoint vc="0" uspid="51" ordinal="2" offset="27" sl="41" path="0" offsetend="29" fileid="1" />
                <BranchPoint vc="0" uspid="52" ordinal="3" offset="27" sl="41" path="1" offsetend="32" fileid="1" />
              </BranchPoints>
              <MethodPoint xsi:type="SequencePoint" vc="0" uspid="42" ordinal="0" offset="0" sl="38" sc="9" el="38" ec="10" bec="0" bev="0" fileid="1" />
            </Method>
            <Method visited="false" cyclomaticComplexity="1" nPathComplexity="0" sequenceCoverage="0" branchCoverage="0" crapScore="2" isConstructor="false" isStatic="false" isGetter="false" isSetter="false">
              <Summary numSequencePoints="8" visitedSequencePoints="0" numBranchPoints="1" visitedBranchPoints="0" sequenceCoverage="0" branchCoverage="0" maxCyclomaticComplexity="1" minCyclomaticComplexity="1" maxCrapScore="2" minCrapScore="2" visitedClasses="0" numClasses="0" visitedMethods="0" numMethods="1" />
              <MetadataToken>100663313</MetadataToken>
              <Name>System.TimeSpan Algorithms.AlgorithmBase`1::Sort()</Name>
              <FileRef uid="1" />
              <SequencePoints>
                <SequencePoint vc="0" uspid="53" ordinal="0" offset="0" sl="47" sc="9" el="47" ec="10" bec="0" bev="0" fileid="1" />
                <SequencePoint vc="0" uspid="54" ordinal="1" offset="1" sl="48" sc="13" el="48" ec="41" bec="0" bev="0" fileid="1" />
                <SequencePoint vc="0" uspid="55" ordinal="2" offset="7" sl="49" sc="13" el="49" ec="27" bec="0" bev="0" fileid="1" />
                <SequencePoint vc="0" uspid="56" ordinal="3" offset="15" sl="50" sc="13" el="50" ec="27" bec="0" bev="0" fileid="1" />
                <SequencePoint vc="0" uspid="57" ordinal="4" offset="22" sl="51" sc="13" el="51" ec="24" bec="0" bev="0" fileid="1" />
                <SequencePoint vc="0" uspid="58" ordinal="5" offset="29" sl="52" sc="13" el="52" ec="26" bec="0" bev="0" fileid="1" />
                <SequencePoint vc="0" uspid="59" ordinal="6" offset="36" sl="53" sc="13" el="53" ec="34" bec="0" bev="0" fileid="1" />
                <SequencePoint vc="0" uspid="60" ordinal="7" offset="45" sl="54" sc="9" el="54" ec="10" bec="0" bev="0" fileid="1" />
              </SequencePoints>
              <BranchPoints />
              <MethodPoint xsi:type="SequencePoint" vc="0" uspid="53" ordinal="0" offset="0" sl="47" sc="9" el="47" ec="10" bec="0" bev="0" fileid="1" />
            </Method>
            <Method visited="false" cyclomaticComplexity="1" nPathComplexity="0" sequenceCoverage="0" branchCoverage="0" crapScore="2" isConstructor="false" isStatic="false" isGetter="false" isSetter="false">
              <Summary numSequencePoints="3" visitedSequencePoints="0" numBranchPoints="1" visitedBranchPoints="0" sequenceCoverage="0" branchCoverage="0" maxCyclomaticComplexity="1" minCyclomaticComplexity="1" maxCrapScore="2" minCrapScore="2" visitedClasses="0" numClasses="0" visitedMethods="0" numMethods="1" />
              <MetadataToken>100663314</MetadataToken>
              <Name>System.Void Algorithms.AlgorithmBase`1::MakeSort()</Name>
              <FileRef uid="1" />
              <SequencePoints>
                <SequencePoint vc="0" uspid="61" ordinal="0" offset="0" sl="56" sc="9" el="56" ec="10" bec="0" bev="0" fileid="1" />
                <SequencePoint vc="0" uspid="62" ordinal="1" offset="1" sl="57" sc="13" el="57" ec="26" bec="0" bev="0" fileid="1" />
                <SequencePoint vc="0" uspid="63" ordinal="2" offset="13" sl="58" sc="9" el="58" ec="10" bec="0" bev="0" fileid="1" />
              </SequencePoints>
              <BranchPoints />
              <MethodPoint xsi:type="SequencePoint" vc="0" uspid="61" ordinal="0" offset="0" sl="56" sc="9" el="56" ec="10" bec="0" bev="0" fileid="1" />
            </Method>
            <Method visited="false" cyclomaticComplexity="2" nPathComplexity="2" sequenceCoverage="0" branchCoverage="0" crapScore="6" isConstructor="false" isStatic="false" isGetter="false" isSetter="false">
              <Summary numSequencePoints="5" visitedSequencePoints="0" numBranchPoints="3" visitedBranchPoints="0" sequenceCoverage="0" branchCoverage="0" maxCyclomaticComplexity="2" minCyclomaticComplexity="2" maxCrapScore="6" minCrapScore="6" visitedClasses="0" numClasses="0" visitedMethods="0" numMethods="1" />
              <MetadataToken>100663315</MetadataToken>
              <Name>System.Int32 Algorithms.AlgorithmBase`1::Compare(T,T)</Name>
              <FileRef uid="1" />
              <SequencePoints>
                <SequencePoint vc="0" uspid="64" ordinal="0" offset="0" sl="61" sc="9" el="61" ec="10" bec="0" bev="0" fileid="1" />
                <SequencePoint vc="0" uspid="65" ordinal="1" offset="1" sl="62" sc="13" el="62" ec="63" bec="2" bev="0" fileid="1" />
                <SequencePoint vc="0" uspid="66" ordinal="2" offset="27" sl="63" sc="13" el="63" ec="31" bec="0" bev="0" fileid="1" />
                <SequencePoint vc="0" uspid="67" ordinal="3" offset="44" sl="64" sc="13" el="64" ec="35" bec="0" bev="0" fileid="1" />
                <SequencePoint vc="0" uspid="68" ordinal="4" offset="66" sl="65" sc="9" el="65" ec="10" bec="0" bev="0" fileid="1" />
              </SequencePoints>
              <BranchPoints>
                <BranchPoint vc="0" uspid="69" ordinal="0" offset="8" sl="62" path="0" offsetend="10" fileid="1" />
                <BranchPoint vc="0" uspid="70" ordinal="1" offset="8" sl="62" path="1" offsetend="13" fileid="1" />
              </BranchPoints>
              <MethodPoint xsi:type="SequencePoint" vc="0" uspid="64" ordinal="0" offset="0" sl="61" sc="9" el="61" ec="10" bec="0" bev="0" fileid="1" />
            </Method>
          </Methods>
        </Class>
        <Class>
          <Summary numSequencePoints="26" visitedSequencePoints="0" numBranchPoints="9" visitedBranchPoints="0" sequenceCoverage="0" branchCoverage="0" maxCyclomaticComplexity="4" minCyclomaticComplexity="1" maxCrapScore="20" minCrapScore="2" visitedClasses="0" numClasses="1" visitedMethods="0" numMethods="3" />
          <FullName>Algorithms.BubbleSort`1</FullName>
          <Methods>
            <Method visited="false" cyclomaticComplexity="1" nPathComplexity="0" sequenceCoverage="0" branchCoverage="0" crapScore="2" isConstructor="true" isStatic="false" isGetter="false" isSetter="false">
              <Summary numSequencePoints="3" visitedSequencePoints="0" numBranchPoints="1" visitedBranchPoints="0" sequenceCoverage="0" branchCoverage="0" maxCyclomaticComplexity="1" minCyclomaticComplexity="1" maxCrapScore="2" minCrapScore="2" visitedClasses="0" numClasses="0" visitedMethods="0" numMethods="1" />
              <MetadataToken>100663316</MetadataToken>
              <Name>System.Void Algorithms.BubbleSort`1::.ctor(System.Collections.Generic.IEnumerable`1&lt;T&gt;)</Name>
              <FileRef uid="2" />
              <SequencePoints>
                <SequencePoint vc="0" uspid="71" ordinal="0" offset="0" sl="9" sc="49" el="9" ec="60" bec="0" bev="0" fileid="2" />
                <SequencePoint vc="0" uspid="72" ordinal="1" offset="8" sl="9" sc="61" el="9" ec="62" bec="0" bev="0" fileid="2" />
                <SequencePoint vc="0" uspid="73" ordinal="2" offset="9" sl="9" sc="63" el="9" ec="64" bec="0" bev="0" fileid="2" />
              </SequencePoints>
              <BranchPoints />
              <MethodPoint xsi:type="SequencePoint" vc="0" uspid="71" ordinal="0" offset="0" sl="9" sc="49" el="9" ec="60" bec="0" bev="0" fileid="2" />
            </Method>
            <Method visited="false" cyclomaticComplexity="1" nPathComplexity="0" sequenceCoverage="0" branchCoverage="0" crapScore="2" isConstructor="true" isStatic="false" isGetter="false" isSetter="false">
              <Summary numSequencePoints="3" visitedSequencePoints="0" numBranchPoints="1" visitedBranchPoints="0" sequenceCoverage="0" branchCoverage="0" maxCyclomaticComplexity="1" minCyclomaticComplexity="1" maxCrapScore="2" minCrapScore="2" visitedClasses="0" numClasses="0" visitedMethods="0" numMethods="1" />
              <MetadataToken>100663317</MetadataToken>
              <Name>System.Void Algorithms.BubbleSort`1::.ctor()</Name>
              <FileRef uid="2" />
              <SequencePoints>
                <SequencePoint vc="0" uspid="74" ordinal="0" offset="0" sl="11" sc="9" el="11" ec="28" bec="0" bev="0" fileid="2" />
                <SequencePoint vc="0" uspid="75" ordinal="1" offset="7" sl="11" sc="29" el="11" ec="30" bec="0" bev="0" fileid="2" />
                <SequencePoint vc="0" uspid="76" ordinal="2" offset="8" sl="11" sc="31" el="11" ec="32" bec="0" bev="0" fileid="2" />
              </SequencePoints>
              <BranchPoints />
              <MethodPoint xsi:type="SequencePoint" vc="0" uspid="74" ordinal="0" offset="0" sl="11" sc="9" el="11" ec="28" bec="0" bev="0" fileid="2" />
            </Method>
            <Method visited="false" cyclomaticComplexity="4" nPathComplexity="8" sequenceCoverage="0" branchCoverage="0" crapScore="20" isConstructor="false" isStatic="false" isGetter="false" isSetter="false">
              <Summary numSequencePoints="20" visitedSequencePoints="0" numBranchPoints="7" visitedBranchPoints="0" sequenceCoverage="0" branchCoverage="0" maxCyclomaticComplexity="4" minCyclomaticComplexity="4" maxCrapScore="20" minCrapScore="20" visitedClasses="0" numClasses="0" visitedMethods="0" numMethods="1" />
              <MetadataToken>100663318</MetadataToken>
              <Name>System.Void Algorithms.BubbleSort`1::MakeSort()</Name>
              <FileRef uid="2" />
              <SequencePoints>
                <SequencePoint vc="0" uspid="77" ordinal="0" offset="0" sl="14" sc="9" el="14" ec="10" bec="0" bev="0" fileid="2" />
                <SequencePoint vc="0" uspid="78" ordinal="1" offset="1" sl="15" sc="13" el="15" ec="37" bec="0" bev="0" fileid="2" />
                <SequencePoint vc="0" uspid="79" ordinal="2" offset="13" sl="16" sc="18" el="16" ec="31" bec="0" bev="0" fileid="2" />
                <SequencePoint vc="0" uspid="80" ordinal="3" offset="17" sl="17" sc="13" el="17" ec="14" bec="0" bev="0" fileid="2" />
                <SequencePoint vc="0" uspid="81" ordinal="4" offset="18" sl="18" sc="22" el="18" ec="31" bec="0" bev="0" fileid="2" />
                <SequencePoint vc="0" uspid="82" ordinal="5" offset="22" sl="19" sc="17" el="19" ec="18" bec="0" bev="0" fileid="2" />
                <SequencePoint vc="0" uspid="83" ordinal="6" offset="23" sl="20" sc="21" el="20" ec="38" bec="0" bev="0" fileid="2" />
                <SequencePoint vc="0" uspid="84" ordinal="7" offset="36" sl="21" sc="21" el="21" ec="42" bec="0" bev="0" fileid="2" />
                <SequencePoint vc="0" uspid="85" ordinal="8" offset="52" sl="22" sc="21" el="22" ec="43" bec="2" bev="0" fileid="2" />
                <SequencePoint vc="0" uspid="86" ordinal="9" offset="70" sl="23" sc="21" el="23" ec="22" bec="0" bev="0" fileid="2" />
                <SequencePoint vc="0" uspid="87" ordinal="10" offset="71" sl="24" sc="25" el="24" ec="40" bec="0" bev="0" fileid="2" />
                <SequencePoint vc="0" uspid="88" ordinal="11" offset="82" sl="25" sc="21" el="25" ec="22" bec="0" bev="0" fileid="2" />
                <SequencePoint vc="0" uspid="89" ordinal="12" offset="83" sl="26" sc="17" el="26" ec="18" bec="0" bev="0" fileid="2" />
                <SequencePoint vc="0" uspid="90" ordinal="13" offset="84" sl="18" sc="48" el="18" ec="51" bec="0" bev="0" fileid="2" />
                <SequencePoint vc="0" uspid="91" ordinal="14" offset="88" sl="18" sc="33" el="18" ec="46" bec="2" bev="0" fileid="2" />
                <SequencePoint vc="0" uspid="92" ordinal="15" offset="100" sl="27" sc="17" el="27" ec="25" bec="0" bev="0" fileid="2" />
                <SequencePoint vc="0" uspid="93" ordinal="16" offset="104" sl="28" sc="13" el="28" ec="14" bec="0" bev="0" fileid="2" />
                <SequencePoint vc="0" uspid="94" ordinal="17" offset="105" sl="16" sc="40" el="16" ec="43" bec="0" bev="0" fileid="2" />
                <SequencePoint vc="0" uspid="95" ordinal="18" offset="109" sl="16" sc="33" el="16" ec="38" bec="2" bev="0" fileid="2" />
                <SequencePoint vc="0" uspid="96" ordinal="19" offset="119" sl="29" sc="9" el="29" ec="10" bec="0" bev="0" fileid="2" />
              </SequencePoints>
              <BranchPoints>
                <BranchPoint vc="0" uspid="97" ordinal="0" offset="68" sl="22" path="0" offsetend="70" fileid="2" />
                <BranchPoint vc="0" uspid="98" ordinal="1" offset="68" sl="22" path="1" offsetend="83" fileid="2" />
                <BranchPoint vc="0" uspid="99" ordinal="2" offset="98" sl="18" path="0" offsetend="100" fileid="2" />
                <BranchPoint vc="0" uspid="100" ordinal="3" offset="98" sl="18" path="1" offsetend="22" fileid="2" />
                <BranchPoint vc="0" uspid="101" ordinal="4" offset="117" sl="16" path="0" offsetend="119" fileid="2" />
                <BranchPoint vc="0" uspid="102" ordinal="5" offset="117" sl="16" path="1" offsetend="17" fileid="2" />
              </BranchPoints>
              <MethodPoint xsi:type="SequencePoint" vc="0" uspid="77" ordinal="0" offset="0" sl="14" sc="9" el="14" ec="10" bec="0" bev="0" fileid="2" />
            </Method>
          </Methods>
        </Class>
        <Class>
          <Summary numSequencePoints="42" visitedSequencePoints="0" numBranchPoints="17" visitedBranchPoints="0" sequenceCoverage="0" branchCoverage="0" maxCyclomaticComplexity="8" minCyclomaticComplexity="1" maxCrapScore="72" minCrapScore="2" visitedClasses="0" numClasses="1" visitedMethods="0" numMethods="3" />
          <FullName>Algorithms.CocktailSort`1</FullName>
          <Methods>
            <Method visited="false" cyclomaticComplexity="1" nPathComplexity="0" sequenceCoverage="0" branchCoverage="0" crapScore="2" isConstructor="true" isStatic="false" isGetter="false" isSetter="false">
              <Summary numSequencePoints="3" visitedSequencePoints="0" numBranchPoints="1" visitedBranchPoints="0" sequenceCoverage="0" branchCoverage="0" maxCyclomaticComplexity="1" minCyclomaticComplexity="1" maxCrapScore="2" minCrapScore="2" visitedClasses="0" numClasses="0" visitedMethods="0" numMethods="1" />
              <MetadataToken>100663319</MetadataToken>
              <Name>System.Void Algorithms.CocktailSort`1::.ctor(System.Collections.Generic.IEnumerable`1&lt;T&gt;)</Name>
              <FileRef uid="3" />
              <SequencePoints>
                <SequencePoint vc="0" uspid="103" ordinal="0" offset="0" sl="9" sc="53" el="9" ec="64" bec="0" bev="0" fileid="3" />
                <SequencePoint vc="0" uspid="104" ordinal="1" offset="8" sl="9" sc="65" el="9" ec="66" bec="0" bev="0" fileid="3" />
                <SequencePoint vc="0" uspid="105" ordinal="2" offset="9" sl="9" sc="67" el="9" ec="68" bec="0" bev="0" fileid="3" />
              </SequencePoints>
              <BranchPoints />
              <MethodPoint xsi:type="SequencePoint" vc="0" uspid="103" ordinal="0" offset="0" sl="9" sc="53" el="9" ec="64" bec="0" bev="0" fileid="3" />
            </Method>
            <Method visited="false" cyclomaticComplexity="1" nPathComplexity="0" sequenceCoverage="0" branchCoverage="0" crapScore="2" isConstructor="true" isStatic="false" isGetter="false" isSetter="false">
              <Summary numSequencePoints="3" visitedSequencePoints="0" numBranchPoints="1" visitedBranchPoints="0" sequenceCoverage="0" branchCoverage="0" maxCyclomaticComplexity="1" minCyclomaticComplexity="1" maxCrapScore="2" minCrapScore="2" visitedClasses="0" numClasses="0" visitedMethods="0" numMethods="1" />
              <MetadataToken>100663320</MetadataToken>
              <Name>System.Void Algorithms.CocktailSort`1::.ctor()</Name>
              <FileRef uid="3" />
              <SequencePoints>
                <SequencePoint vc="0" uspid="106" ordinal="0" offset="0" sl="11" sc="9" el="11" ec="30" bec="0" bev="0" fileid="3" />
                <SequencePoint vc="0" uspid="107" ordinal="1" offset="7" sl="11" sc="31" el="11" ec="32" bec="0" bev="0" fileid="3" />
                <SequencePoint vc="0" uspid="108" ordinal="2" offset="8" sl="11" sc="33" el="11" ec="34" bec="0" bev="0" fileid="3" />
              </SequencePoints>
              <BranchPoints />
              <MethodPoint xsi:type="SequencePoint" vc="0" uspid="106" ordinal="0" offset="0" sl="11" sc="9" el="11" ec="30" bec="0" bev="0" fileid="3" />
            </Method>
            <Method visited="false" cyclomaticComplexity="8" nPathComplexity="128" sequenceCoverage="0" branchCoverage="0" crapScore="72" isConstructor="false" isStatic="false" isGetter="false" isSetter="false">
              <Summary numSequencePoints="36" visitedSequencePoints="0" numBranchPoints="15" visitedBranchPoints="0" sequenceCoverage="0" branchCoverage="0" maxCyclomaticComplexity="8" minCyclomaticComplexity="8" maxCrapScore="72" minCrapScore="72" visitedClasses="0" numClasses="0" visitedMethods="0" numMethods="1" />
              <MetadataToken>100663321</MetadataToken>
              <Name>System.Void Algorithms.CocktailSort`1::MakeSort()</Name>
              <FileRef uid="3" />
              <SequencePoints>
                <SequencePoint vc="0" uspid="109" ordinal="0" offset="0" sl="14" sc="9" el="14" ec="10" bec="0" bev="0" fileid="3" />
                <SequencePoint vc="0" uspid="110" ordinal="1" offset="1" sl="15" sc="13" el="15" ec="26" bec="0" bev="0" fileid="3" />
                <SequencePoint vc="0" uspid="111" ordinal="2" offset="3" sl="16" sc="13" el="16" ec="41" bec="0" bev="0" fileid="3" />
                <SequencePoint vc="0" uspid="112" ordinal="3" offset="22" sl="19" sc="13" el="19" ec="14" bec="0" bev="0" fileid="3" />
                <SequencePoint vc="0" uspid="113" ordinal="4" offset="23" sl="20" sc="17" el="20" ec="36" bec="0" bev="0" fileid="3" />
                <SequencePoint vc="0" uspid="114" ordinal="5" offset="30" sl="21" sc="21" el="21" ec="31" bec="0" bev="0" fileid="3" />
                <SequencePoint vc="0" uspid="115" ordinal="6" offset="34" sl="22" sc="17" el="22" ec="18" bec="0" bev="0" fileid="3" />
                <SequencePoint vc="0" uspid="116" ordinal="7" offset="35" sl="23" sc="21" el="23" ec="38" bec="0" bev="0" fileid="3" />
                <SequencePoint vc="0" uspid="117" ordinal="8" offset="49" sl="24" sc="21" el="24" ec="42" bec="0" bev="0" fileid="3" />
                <SequencePoint vc="0" uspid="118" ordinal="9" offset="65" sl="25" sc="21" el="25" ec="43" bec="2" bev="0" fileid="3" />
                <SequencePoint vc="0" uspid="119" ordinal="10" offset="84" sl="26" sc="21" el="26" ec="22" bec="0" bev="0" fileid="3" />
                <SequencePoint vc="0" uspid="120" ordinal="11" offset="85" sl="27" sc="25" el="27" ec="40" bec="0" bev="0" fileid="3" />
                <SequencePoint vc="0" uspid="121" ordinal="12" offset="96" sl="28" sc="21" el="28" ec="22" bec="0" bev="0" fileid="3" />
                <SequencePoint vc="0" uspid="122" ordinal="13" offset="97" sl="30" sc="17" el="30" ec="18" bec="0" bev="0" fileid="3" />
                <SequencePoint vc="0" uspid="123" ordinal="14" offset="98" sl="21" sc="44" el="21" ec="47" bec="0" bev="0" fileid="3" />
                <SequencePoint vc="0" uspid="124" ordinal="15" offset="102" sl="21" sc="33" el="21" ec="42" bec="2" bev="0" fileid="3" />
                <SequencePoint vc="0" uspid="125" ordinal="16" offset="112" sl="31" sc="17" el="31" ec="37" bec="2" bev="0" fileid="3" />
                <SequencePoint vc="0" uspid="126" ordinal="17" offset="127" sl="32" sc="17" el="32" ec="18" bec="0" bev="0" fileid="3" />
                <SequencePoint vc="0" uspid="127" ordinal="18" offset="128" sl="33" sc="21" el="33" ec="27" bec="0" bev="0" fileid="3" />
                <SequencePoint vc="0" uspid="128" ordinal="19" offset="130" sl="35" sc="17" el="35" ec="25" bec="0" bev="0" fileid="3" />
                <SequencePoint vc="0" uspid="129" ordinal="20" offset="134" sl="36" sc="21" el="36" ec="32" bec="0" bev="0" fileid="3" />
                <SequencePoint vc="0" uspid="130" ordinal="21" offset="139" sl="37" sc="17" el="37" ec="18" bec="0" bev="0" fileid="3" />
                <SequencePoint vc="0" uspid="131" ordinal="22" offset="140" sl="38" sc="21" el="38" ec="62" bec="2" bev="0" fileid="3" />
                <SequencePoint vc="0" uspid="132" ordinal="23" offset="183" sl="39" sc="21" el="39" ec="22" bec="0" bev="0" fileid="3" />
                <SequencePoint vc="0" uspid="133" ordinal="24" offset="184" sl="40" sc="25" el="40" ec="38" bec="0" bev="0" fileid="3" />
                <SequencePoint vc="0" uspid="134" ordinal="25" offset="197" sl="41" sc="21" el="41" ec="22" bec="0" bev="0" fileid="3" />
                <SequencePoint vc="0" uspid="135" ordinal="26" offset="198" sl="42" sc="17" el="42" ec="18" bec="0" bev="0" fileid="3" />
                <SequencePoint vc="0" uspid="136" ordinal="27" offset="199" sl="36" sc="44" el="36" ec="47" bec="0" bev="0" fileid="3" />
                <SequencePoint vc="0" uspid="137" ordinal="28" offset="205" sl="36" sc="34" el="36" ec="42" bec="2" bev="0" fileid="3" />
                <SequencePoint vc="0" uspid="138" ordinal="29" offset="216" sl="43" sc="17" el="43" ec="24" bec="0" bev="0" fileid="3" />
                <SequencePoint vc="0" uspid="139" ordinal="30" offset="220" sl="44" sc="17" el="44" ec="37" bec="2" bev="0" fileid="3" />
                <SequencePoint vc="0" uspid="140" ordinal="31" offset="235" sl="45" sc="17" el="45" ec="18" bec="0" bev="0" fileid="3" />
                <SequencePoint vc="0" uspid="141" ordinal="32" offset="236" sl="46" sc="21" el="46" ec="27" bec="0" bev="0" fileid="3" />
                <SequencePoint vc="0" uspid="142" ordinal="33" offset="238" sl="48" sc="13" el="48" ec="14" bec="0" bev="0" fileid="3" />
                <SequencePoint vc="0" uspid="143" ordinal="34" offset="239" sl="18" sc="13" el="18" ec="32" bec="2" bev="0" fileid="3" />
                <SequencePoint vc="0" uspid="144" ordinal="35" offset="252" sl="49" sc="9" el="49" ec="10" bec="0" bev="0" fileid="3" />
              </SequencePoints>
              <BranchPoints>
                <BranchPoint vc="0" uspid="145" ordinal="0" offset="82" sl="25" path="0" offsetend="84" fileid="3" />
                <BranchPoint vc="0" uspid="146" ordinal="1" offset="82" sl="25" path="1" offsetend="97" fileid="3" />
                <BranchPoint vc="0" uspid="147" ordinal="2" offset="110" sl="21" path="0" offsetend="112" fileid="3" />
                <BranchPoint vc="0" uspid="148" ordinal="3" offset="110" sl="21" path="1" offsetend="34" fileid="3" />
                <BranchPoint vc="0" uspid="149" ordinal="4" offset="125" sl="31" path="0" offsetend="127" fileid="3" />
                <BranchPoint vc="0" uspid="150" ordinal="5" offset="125" sl="31" path="1" offsetend="130" fileid="3" />
                <BranchPoint vc="0" uspid="151" ordinal="6" offset="181" sl="38" path="0" offsetend="183" fileid="3" />
                <BranchPoint vc="0" uspid="152" ordinal="7" offset="181" sl="38" path="1" offsetend="198" fileid="3" />
                <BranchPoint vc="0" uspid="153" ordinal="8" offset="214" sl="36" path="0" offsetend="216" fileid="3" />
                <BranchPoint vc="0" uspid="154" ordinal="9" offset="214" sl="36" path="1" offsetend="139" fileid="3" />
                <BranchPoint vc="0" uspid="155" ordinal="10" offset="233" sl="44" path="0" offsetend="235" fileid="3" />
                <BranchPoint vc="0" uspid="156" ordinal="11" offset="233" sl="44" path="1" offsetend="238" fileid="3" />
                <BranchPoint vc="0" uspid="157" ordinal="12" offset="247" sl="18" path="0" offsetend="252" fileid="3" />
                <BranchPoint vc="0" uspid="158" ordinal="13" offset="247" sl="18" path="1" offsetend="22" fileid="3" />
              </BranchPoints>
              <MethodPoint xsi:type="SequencePoint" vc="0" uspid="109" ordinal="0" offset="0" sl="14" sc="9" el="14" ec="10" bec="0" bev="0" fileid="3" />
            </Method>
          </Methods>
        </Class>
        <Class>
          <Summary numSequencePoints="20" visitedSequencePoints="0" numBranchPoints="9" visitedBranchPoints="0" sequenceCoverage="0" branchCoverage="0" maxCyclomaticComplexity="4" minCyclomaticComplexity="1" maxCrapScore="20" minCrapScore="2" visitedClasses="0" numClasses="1" visitedMethods="0" numMethods="3" />
          <FullName>Algorithms.GnomeSort`1</FullName>
          <Methods>
            <Method visited="false" cyclomaticComplexity="1" nPathComplexity="0" sequenceCoverage="0" branchCoverage="0" crapScore="2" isConstructor="true" isStatic="false" isGetter="false" isSetter="false">
              <Summary numSequencePoints="3" visitedSequencePoints="0" numBranchPoints="1" visitedBranchPoints="0" sequenceCoverage="0" branchCoverage="0" maxCyclomaticComplexity="1" minCyclomaticComplexity="1" maxCrapScore="2" minCrapScore="2" visitedClasses="0" numClasses="0" visitedMethods="0" numMethods="1" />
              <MetadataToken>100663322</MetadataToken>
              <Name>System.Void Algorithms.GnomeSort`1::.ctor(System.Collections.Generic.IEnumerable`1&lt;T&gt;)</Name>
              <FileRef uid="4" />
              <SequencePoints>
                <SequencePoint vc="0" uspid="159" ordinal="0" offset="0" sl="12" sc="50" el="12" ec="61" bec="0" bev="0" fileid="4" />
                <SequencePoint vc="0" uspid="160" ordinal="1" offset="8" sl="12" sc="62" el="12" ec="63" bec="0" bev="0" fileid="4" />
                <SequencePoint vc="0" uspid="161" ordinal="2" offset="9" sl="12" sc="64" el="12" ec="65" bec="0" bev="0" fileid="4" />
              </SequencePoints>
              <BranchPoints />
              <MethodPoint xsi:type="SequencePoint" vc="0" uspid="159" ordinal="0" offset="0" sl="12" sc="50" el="12" ec="61" bec="0" bev="0" fileid="4" />
            </Method>
            <Method visited="false" cyclomaticComplexity="1" nPathComplexity="0" sequenceCoverage="0" branchCoverage="0" crapScore="2" isConstructor="true" isStatic="false" isGetter="false" isSetter="false">
              <Summary numSequencePoints="3" visitedSequencePoints="0" numBranchPoints="1" visitedBranchPoints="0" sequenceCoverage="0" branchCoverage="0" maxCyclomaticComplexity="1" minCyclomaticComplexity="1" maxCrapScore="2" minCrapScore="2" visitedClasses="0" numClasses="0" visitedMethods="0" numMethods="1" />
              <MetadataToken>100663323</MetadataToken>
              <Name>System.Void Algorithms.GnomeSort`1::.ctor()</Name>
              <FileRef uid="4" />
              <SequencePoints>
                <SequencePoint vc="0" uspid="162" ordinal="0" offset="0" sl="14" sc="9" el="14" ec="27" bec="0" bev="0" fileid="4" />
                <SequencePoint vc="0" uspid="163" ordinal="1" offset="7" sl="14" sc="28" el="14" ec="29" bec="0" bev="0" fileid="4" />
                <SequencePoint vc="0" uspid="164" ordinal="2" offset="8" sl="14" sc="30" el="14" ec="31" bec="0" bev="0" fileid="4" />
              </SequencePoints>
              <BranchPoints />
              <MethodPoint xsi:type="SequencePoint" vc="0" uspid="162" ordinal="0" offset="0" sl="14" sc="9" el="14" ec="27" bec="0" bev="0" fileid="4" />
            </Method>
            <Method visited="false" cyclomaticComplexity="4" nPathComplexity="8" sequenceCoverage="0" branchCoverage="0" crapScore="20" isConstructor="false" isStatic="false" isGetter="false" isSetter="false">
              <Summary numSequencePoints="14" visitedSequencePoints="0" numBranchPoints="7" visitedBranchPoints="0" sequenceCoverage="0" branchCoverage="0" maxCyclomaticComplexity="4" minCyclomaticComplexity="4" maxCrapScore="20" minCrapScore="20" visitedClasses="0" numClasses="0" visitedMethods="0" numMethods="1" />
              <MetadataToken>100663324</MetadataToken>
              <Name>System.Void Algorithms.GnomeSort`1::MakeSort()</Name>
              <FileRef uid="4" />
              <SequencePoints>
                <SequencePoint vc="0" uspid="165" ordinal="0" offset="0" sl="17" sc="9" el="17" ec="10" bec="0" bev="0" fileid="4" />
                <SequencePoint vc="0" uspid="166" ordinal="1" offset="1" sl="18" sc="13" el="18" ec="23" bec="0" bev="0" fileid="4" />
                <SequencePoint vc="0" uspid="167" ordinal="2" offset="5" sl="20" sc="13" el="20" ec="14" bec="0" bev="0" fileid="4" />
                <SequencePoint vc="0" uspid="168" ordinal="3" offset="6" sl="21" sc="17" el="21" ec="67" bec="4" bev="0" fileid="4" />
                <SequencePoint vc="0" uspid="169" ordinal="4" offset="54" sl="21" sc="67" el="21" ec="68" bec="0" bev="0" fileid="4" />
                <SequencePoint vc="0" uspid="170" ordinal="5" offset="55" sl="22" sc="21" el="22" ec="25" bec="0" bev="0" fileid="4" />
                <SequencePoint vc="0" uspid="171" ordinal="6" offset="59" sl="23" sc="17" el="23" ec="18" bec="0" bev="0" fileid="4" />
                <SequencePoint vc="0" uspid="172" ordinal="7" offset="62" sl="25" sc="17" el="25" ec="18" bec="0" bev="0" fileid="4" />
                <SequencePoint vc="0" uspid="173" ordinal="8" offset="63" sl="26" sc="21" el="26" ec="36" bec="0" bev="0" fileid="4" />
                <SequencePoint vc="0" uspid="174" ordinal="9" offset="74" sl="27" sc="21" el="27" ec="25" bec="0" bev="0" fileid="4" />
                <SequencePoint vc="0" uspid="175" ordinal="10" offset="78" sl="28" sc="17" el="28" ec="18" bec="0" bev="0" fileid="4" />
                <SequencePoint vc="0" uspid="176" ordinal="11" offset="79" sl="29" sc="13" el="29" ec="14" bec="0" bev="0" fileid="4" />
                <SequencePoint vc="0" uspid="177" ordinal="12" offset="80" sl="19" sc="13" el="19" ec="36" bec="2" bev="0" fileid="4" />
                <SequencePoint vc="0" uspid="178" ordinal="13" offset="98" sl="30" sc="9" el="30" ec="10" bec="0" bev="0" fileid="4" />
              </SequencePoints>
              <BranchPoints>
                <BranchPoint vc="0" uspid="179" ordinal="0" offset="7" sl="21" path="0" offsetend="9" fileid="4" />
                <BranchPoint vc="0" uspid="180" ordinal="1" offset="7" sl="21" path="1" offsetend="49" fileid="4" />
                <BranchPoint vc="0" uspid="181" ordinal="2" offset="52" sl="21" path="0" offsetend="54" fileid="4" />
                <BranchPoint vc="0" uspid="182" ordinal="3" offset="52" sl="21" path="1" offsetend="62" fileid="4" />
                <BranchPoint vc="0" uspid="183" ordinal="4" offset="96" sl="19" path="0" offsetend="98" fileid="4" />
                <BranchPoint vc="0" uspid="184" ordinal="5" offset="96" sl="19" path="1" offsetend="5" fileid="4" />
              </BranchPoints>
              <MethodPoint xsi:type="SequencePoint" vc="0" uspid="165" ordinal="0" offset="0" sl="17" sc="9" el="17" ec="10" bec="0" bev="0" fileid="4" />
            </Method>
          </Methods>
        </Class>
        <Class>
          <Summary numSequencePoints="21" visitedSequencePoints="0" numBranchPoints="7" visitedBranchPoints="0" sequenceCoverage="0" branchCoverage="0" maxCyclomaticComplexity="3" minCyclomaticComplexity="1" maxCrapScore="12" minCrapScore="2" visitedClasses="0" numClasses="1" visitedMethods="0" numMethods="3" />
          <FullName>Algorithms.HeapSort`1</FullName>
          <Methods>
            <Method visited="false" cyclomaticComplexity="1" nPathComplexity="0" sequenceCoverage="0" branchCoverage="0" crapScore="2" isConstructor="true" isStatic="false" isGetter="false" isSetter="false">
              <Summary numSequencePoints="3" visitedSequencePoints="0" numBranchPoints="1" visitedBranchPoints="0" sequenceCoverage="0" branchCoverage="0" maxCyclomaticComplexity="1" minCyclomaticComplexity="1" maxCrapScore="2" minCrapScore="2" visitedClasses="0" numClasses="0" visitedMethods="0" numMethods="1" />
              <MetadataToken>100663325</MetadataToken>
              <Name>System.Void Algorithms.HeapSort`1::.ctor(System.Collections.Generic.IEnumerable`1&lt;T&gt;)</Name>
              <FileRef uid="5" />
              <SequencePoints>
                <SequencePoint vc="0" uspid="185" ordinal="0" offset="0" sl="13" sc="49" el="13" ec="60" bec="0" bev="0" fileid="5" />
                <SequencePoint vc="0" uspid="186" ordinal="1" offset="8" sl="13" sc="61" el="13" ec="62" bec="0" bev="0" fileid="5" />
                <SequencePoint vc="0" uspid="187" ordinal="2" offset="9" sl="13" sc="63" el="13" ec="64" bec="0" bev="0" fileid="5" />
              </SequencePoints>
              <BranchPoints />
              <MethodPoint xsi:type="SequencePoint" vc="0" uspid="185" ordinal="0" offset="0" sl="13" sc="49" el="13" ec="60" bec="0" bev="0" fileid="5" />
            </Method>
            <Method visited="false" cyclomaticComplexity="1" nPathComplexity="0" sequenceCoverage="0" branchCoverage="0" crapScore="2" isConstructor="true" isStatic="false" isGetter="false" isSetter="false">
              <Summary numSequencePoints="3" visitedSequencePoints="0" numBranchPoints="1" visitedBranchPoints="0" sequenceCoverage="0" branchCoverage="0" maxCyclomaticComplexity="1" minCyclomaticComplexity="1" maxCrapScore="2" minCrapScore="2" visitedClasses="0" numClasses="0" visitedMethods="0" numMethods="1" />
              <MetadataToken>100663326</MetadataToken>
              <Name>System.Void Algorithms.HeapSort`1::.ctor()</Name>
              <FileRef uid="5" />
              <SequencePoints>
                <SequencePoint vc="0" uspid="188" ordinal="0" offset="0" sl="15" sc="9" el="15" ec="26" bec="0" bev="0" fileid="5" />
                <SequencePoint vc="0" uspid="189" ordinal="1" offset="7" sl="15" sc="27" el="15" ec="28" bec="0" bev="0" fileid="5" />
                <SequencePoint vc="0" uspid="190" ordinal="2" offset="8" sl="15" sc="29" el="15" ec="30" bec="0" bev="0" fileid="5" />
              </SequencePoints>
              <BranchPoints />
              <MethodPoint xsi:type="SequencePoint" vc="0" uspid="188" ordinal="0" offset="0" sl="15" sc="9" el="15" ec="26" bec="0" bev="0" fileid="5" />
            </Method>
            <Method visited="false" cyclomaticComplexity="3" nPathComplexity="4" sequenceCoverage="0" branchCoverage="0" crapScore="12" isConstructor="false" isStatic="false" isGetter="false" isSetter="false">
              <Summary numSequencePoints="15" visitedSequencePoints="0" numBranchPoints="5" visitedBranchPoints="0" sequenceCoverage="0" branchCoverage="0" maxCyclomaticComplexity="3" minCyclomaticComplexity="3" maxCrapScore="12" minCrapScore="12" visitedClasses="0" numClasses="0" visitedMethods="0" numMethods="1" />
              <MetadataToken>100663327</MetadataToken>
              <Name>System.Void Algorithms.HeapSort`1::MakeSort()</Name>
              <FileRef uid="5" />
              <SequencePoints>
                <SequencePoint vc="0" uspid="191" ordinal="0" offset="0" sl="18" sc="9" el="18" ec="10" bec="0" bev="0" fileid="5" />
                <SequencePoint vc="0" uspid="192" ordinal="1" offset="1" sl="19" sc="17" el="19" ec="30" bec="0" bev="0" fileid="5" />
                <SequencePoint vc="0" uspid="193" ordinal="2" offset="10" sl="20" sc="13" el="20" ec="14" bec="0" bev="0" fileid="5" />
                <SequencePoint vc="0" uspid="194" ordinal="3" offset="11" sl="21" sc="17" el="21" ec="27" bec="0" bev="0" fileid="5" />
                <SequencePoint vc="0" uspid="195" ordinal="4" offset="20" sl="22" sc="13" el="22" ec="14" bec="0" bev="0" fileid="5" />
                <SequencePoint vc="0" uspid="196" ordinal="5" offset="21" sl="19" sc="40" el="19" ec="43" bec="0" bev="0" fileid="5" />
                <SequencePoint vc="0" uspid="197" ordinal="6" offset="25" sl="19" sc="32" el="19" ec="38" bec="2" bev="0" fileid="5" />
                <SequencePoint vc="0" uspid="198" ordinal="7" offset="36" sl="23" sc="18" el="23" ec="33" bec="0" bev="0" fileid="5" />
                <SequencePoint vc="0" uspid="199" ordinal="8" offset="47" sl="23" sc="47" el="23" ec="48" bec="0" bev="0" fileid="5" />
                <SequencePoint vc="0" uspid="200" ordinal="9" offset="48" sl="24" sc="17" el="24" ec="28" bec="0" bev="0" fileid="5" />
                <SequencePoint vc="0" uspid="201" ordinal="10" offset="57" sl="25" sc="17" el="25" ec="30" bec="0" bev="0" fileid="5" />
                <SequencePoint vc="0" uspid="202" ordinal="11" offset="66" sl="26" sc="13" el="26" ec="14" bec="0" bev="0" fileid="5" />
                <SequencePoint vc="0" uspid="203" ordinal="12" offset="67" sl="23" sc="42" el="23" ec="45" bec="0" bev="0" fileid="5" />
                <SequencePoint vc="0" uspid="204" ordinal="13" offset="71" sl="23" sc="35" el="23" ec="40" bec="2" bev="0" fileid="5" />
                <SequencePoint vc="0" uspid="205" ordinal="14" offset="82" sl="27" sc="9" el="27" ec="10" bec="0" bev="0" fileid="5" />
              </SequencePoints>
              <BranchPoints>
                <BranchPoint vc="0" uspid="206" ordinal="0" offset="34" sl="19" path="0" offsetend="36" fileid="5" />
                <BranchPoint vc="0" uspid="207" ordinal="1" offset="34" sl="19" path="1" offsetend="10" fileid="5" />
                <BranchPoint vc="0" uspid="208" ordinal="2" offset="80" sl="23" path="0" offsetend="82" fileid="5" />
                <BranchPoint vc="0" uspid="209" ordinal="3" offset="80" sl="23" path="1" offsetend="47" fileid="5" />
              </BranchPoints>
              <MethodPoint xsi:type="SequencePoint" vc="0" uspid="191" ordinal="0" offset="0" sl="18" sc="9" el="18" ec="10" bec="0" bev="0" fileid="5" />
            </Method>
          </Methods>
        </Class>
        <Class>
          <Summary numSequencePoints="21" visitedSequencePoints="0" numBranchPoints="9" visitedBranchPoints="0" sequenceCoverage="0" branchCoverage="0" maxCyclomaticComplexity="4" minCyclomaticComplexity="1" maxCrapScore="20" minCrapScore="2" visitedClasses="0" numClasses="1" visitedMethods="0" numMethods="3" />
          <FullName>Algorithms.InsertionSort`1</FullName>
          <Methods>
            <Method visited="false" cyclomaticComplexity="1" nPathComplexity="0" sequenceCoverage="0" branchCoverage="0" crapScore="2" isConstructor="true" isStatic="false" isGetter="false" isSetter="false">
              <Summary numSequencePoints="3" visitedSequencePoints="0" numBranchPoints="1" visitedBranchPoints="0" sequenceCoverage="0" branchCoverage="0" maxCyclomaticComplexity="1" minCyclomaticComplexity="1" maxCrapScore="2" minCrapScore="2" visitedClasses="0" numClasses="0" visitedMethods="0" numMethods="1" />
              <MetadataToken>100663328</MetadataToken>
              <Name>System.Void Algorithms.InsertionSort`1::.ctor(System.Collections.Generic.IEnumerable`1&lt;T&gt;)</Name>
              <FileRef uid="6" />
              <SequencePoints>
                <SequencePoint vc="0" uspid="210" ordinal="0" offset="0" sl="13" sc="54" el="13" ec="65" bec="0" bev="0" fileid="6" />
                <SequencePoint vc="0" uspid="211" ordinal="1" offset="8" sl="13" sc="66" el="13" ec="67" bec="0" bev="0" fileid="6" />
                <SequencePoint vc="0" uspid="212" ordinal="2" offset="9" sl="13" sc="68" el="13" ec="69" bec="0" bev="0" fileid="6" />
              </SequencePoints>
              <BranchPoints />
              <MethodPoint xsi:type="SequencePoint" vc="0" uspid="210" ordinal="0" offset="0" sl="13" sc="54" el="13" ec="65" bec="0" bev="0" fileid="6" />
            </Method>
            <Method visited="false" cyclomaticComplexity="1" nPathComplexity="0" sequenceCoverage="0" branchCoverage="0" crapScore="2" isConstructor="true" isStatic="false" isGetter="false" isSetter="false">
              <Summary numSequencePoints="3" visitedSequencePoints="0" numBranchPoints="1" visitedBranchPoints="0" sequenceCoverage="0" branchCoverage="0" maxCyclomaticComplexity="1" minCyclomaticComplexity="1" maxCrapScore="2" minCrapScore="2" visitedClasses="0" numClasses="0" visitedMethods="0" numMethods="1" />
              <MetadataToken>100663329</MetadataToken>
              <Name>System.Void Algorithms.InsertionSort`1::.ctor()</Name>
              <FileRef uid="6" />
              <SequencePoints>
                <SequencePoint vc="0" uspid="213" ordinal="0" offset="0" sl="15" sc="9" el="15" ec="31" bec="0" bev="0" fileid="6" />
                <SequencePoint vc="0" uspid="214" ordinal="1" offset="7" sl="15" sc="32" el="15" ec="33" bec="0" bev="0" fileid="6" />
                <SequencePoint vc="0" uspid="215" ordinal="2" offset="8" sl="15" sc="34" el="15" ec="35" bec="0" bev="0" fileid="6" />
              </SequencePoints>
              <BranchPoints />
              <MethodPoint xsi:type="SequencePoint" vc="0" uspid="213" ordinal="0" offset="0" sl="15" sc="9" el="15" ec="31" bec="0" bev="0" fileid="6" />
            </Method>
            <Method visited="false" cyclomaticComplexity="4" nPathComplexity="8" sequenceCoverage="0" branchCoverage="0" crapScore="20" isConstructor="false" isStatic="false" isGetter="false" isSetter="false">
              <Summary numSequencePoints="15" visitedSequencePoints="0" numBranchPoints="7" visitedBranchPoints="0" sequenceCoverage="0" branchCoverage="0" maxCyclomaticComplexity="4" minCyclomaticComplexity="4" maxCrapScore="20" minCrapScore="20" visitedClasses="0" numClasses="0" visitedMethods="0" numMethods="1" />
              <MetadataToken>100663330</MetadataToken>
              <Name>System.Void Algorithms.InsertionSort`1::MakeSort()</Name>
              <FileRef uid="6" />
              <SequencePoints>
                <SequencePoint vc="0" uspid="216" ordinal="0" offset="0" sl="18" sc="9" el="18" ec="10" bec="0" bev="0" fileid="6" />
                <SequencePoint vc="0" uspid="217" ordinal="1" offset="1" sl="19" sc="17" el="19" ec="26" bec="0" bev="0" fileid="6" />
                <SequencePoint vc="0" uspid="218" ordinal="2" offset="5" sl="20" sc="13" el="20" ec="14" bec="0" bev="0" fileid="6" />
                <SequencePoint vc="0" uspid="219" ordinal="3" offset="6" sl="21" sc="17" el="21" ec="37" bec="0" bev="0" fileid="6" />
                <SequencePoint vc="0" uspid="220" ordinal="4" offset="19" sl="22" sc="17" el="22" ec="27" bec="0" bev="0" fileid="6" />
                <SequencePoint vc="0" uspid="221" ordinal="5" offset="23" sl="24" sc="17" el="24" ec="18" bec="0" bev="0" fileid="6" />
                <SequencePoint vc="0" uspid="222" ordinal="6" offset="24" sl="25" sc="21" el="25" ec="36" bec="0" bev="0" fileid="6" />
                <SequencePoint vc="0" uspid="223" ordinal="7" offset="35" sl="26" sc="21" el="26" ec="25" bec="0" bev="0" fileid="6" />
                <SequencePoint vc="0" uspid="224" ordinal="8" offset="39" sl="27" sc="17" el="27" ec="18" bec="0" bev="0" fileid="6" />
                <SequencePoint vc="0" uspid="225" ordinal="9" offset="40" sl="23" sc="17" el="23" ec="67" bec="4" bev="0" fileid="6" />
                <SequencePoint vc="0" uspid="226" ordinal="10" offset="75" sl="28" sc="17" el="28" ec="33" bec="0" bev="0" fileid="6" />
                <SequencePoint vc="0" uspid="227" ordinal="11" offset="89" sl="29" sc="13" el="29" ec="14" bec="0" bev="0" fileid="6" />
                <SequencePoint vc="0" uspid="228" ordinal="12" offset="90" sl="19" sc="45" el="19" ec="48" bec="0" bev="0" fileid="6" />
                <SequencePoint vc="0" uspid="229" ordinal="13" offset="94" sl="19" sc="28" el="19" ec="43" bec="2" bev="0" fileid="6" />
                <SequencePoint vc="0" uspid="230" ordinal="14" offset="114" sl="30" sc="9" el="30" ec="10" bec="0" bev="0" fileid="6" />
              </SequencePoints>
              <BranchPoints>
                <BranchPoint vc="0" uspid="231" ordinal="0" offset="42" sl="23" path="0" offsetend="44" fileid="6" />
                <BranchPoint vc="0" uspid="232" ordinal="1" offset="42" sl="23" path="1" offsetend="70" fileid="6" />
                <BranchPoint vc="0" uspid="233" ordinal="2" offset="73" sl="23" path="0" offsetend="75" fileid="6" />
                <BranchPoint vc="0" uspid="234" ordinal="3" offset="73" sl="23" path="1" offsetend="23" fileid="6" />
                <BranchPoint vc="0" uspid="235" ordinal="4" offset="112" sl="19" path="0" offsetend="114" fileid="6" />
                <BranchPoint vc="0" uspid="236" ordinal="5" offset="112" sl="19" path="1" offsetend="5" fileid="6" />
              </BranchPoints>
              <MethodPoint xsi:type="SequencePoint" vc="0" uspid="216" ordinal="0" offset="0" sl="18" sc="9" el="18" ec="10" bec="0" bev="0" fileid="6" />
            </Method>
          </Methods>
        </Class>
        <Class>
          <Summary numSequencePoints="59" visitedSequencePoints="0" numBranchPoints="19" visitedBranchPoints="0" sequenceCoverage="0" branchCoverage="0" maxCyclomaticComplexity="6" minCyclomaticComplexity="1" maxCrapScore="42" minCrapScore="2" visitedClasses="0" numClasses="1" visitedMethods="0" numMethods="5" />
          <FullName>Algorithms.MergeSort`1</FullName>
          <Methods>
            <Method visited="false" cyclomaticComplexity="1" nPathComplexity="0" sequenceCoverage="0" branchCoverage="0" crapScore="2" isConstructor="true" isStatic="false" isGetter="false" isSetter="false">
              <Summary numSequencePoints="3" visitedSequencePoints="0" numBranchPoints="1" visitedBranchPoints="0" sequenceCoverage="0" branchCoverage="0" maxCyclomaticComplexity="1" minCyclomaticComplexity="1" maxCrapScore="2" minCrapScore="2" visitedClasses="0" numClasses="0" visitedMethods="0" numMethods="1" />
              <MetadataToken>100663331</MetadataToken>
              <Name>System.Void Algorithms.MergeSort`1::.ctor(System.Collections.Generic.IEnumerable`1&lt;T&gt;)</Name>
              <FileRef uid="7" />
              <SequencePoints>
                <SequencePoint vc="0" uspid="237" ordinal="0" offset="0" sl="12" sc="50" el="12" ec="61" bec="0" bev="0" fileid="7" />
                <SequencePoint vc="0" uspid="238" ordinal="1" offset="8" sl="12" sc="62" el="12" ec="63" bec="0" bev="0" fileid="7" />
                <SequencePoint vc="0" uspid="239" ordinal="2" offset="9" sl="12" sc="64" el="12" ec="65" bec="0" bev="0" fileid="7" />
              </SequencePoints>
              <BranchPoints />
              <MethodPoint xsi:type="SequencePoint" vc="0" uspid="237" ordinal="0" offset="0" sl="12" sc="50" el="12" ec="61" bec="0" bev="0" fileid="7" />
            </Method>
            <Method visited="false" cyclomaticComplexity="1" nPathComplexity="0" sequenceCoverage="0" branchCoverage="0" crapScore="2" isConstructor="true" isStatic="false" isGetter="false" isSetter="false">
              <Summary numSequencePoints="3" visitedSequencePoints="0" numBranchPoints="1" visitedBranchPoints="0" sequenceCoverage="0" branchCoverage="0" maxCyclomaticComplexity="1" minCyclomaticComplexity="1" maxCrapScore="2" minCrapScore="2" visitedClasses="0" numClasses="0" visitedMethods="0" numMethods="1" />
              <MetadataToken>100663332</MetadataToken>
              <Name>System.Void Algorithms.MergeSort`1::.ctor()</Name>
              <FileRef uid="7" />
              <SequencePoints>
                <SequencePoint vc="0" uspid="240" ordinal="0" offset="0" sl="14" sc="9" el="14" ec="27" bec="0" bev="0" fileid="7" />
                <SequencePoint vc="0" uspid="241" ordinal="1" offset="7" sl="14" sc="28" el="14" ec="29" bec="0" bev="0" fileid="7" />
                <SequencePoint vc="0" uspid="242" ordinal="2" offset="8" sl="14" sc="30" el="14" ec="31" bec="0" bev="0" fileid="7" />
              </SequencePoints>
              <BranchPoints />
              <MethodPoint xsi:type="SequencePoint" vc="0" uspid="240" ordinal="0" offset="0" sl="14" sc="9" el="14" ec="27" bec="0" bev="0" fileid="7" />
            </Method>
            <Method visited="false" cyclomaticComplexity="2" nPathComplexity="2" sequenceCoverage="0" branchCoverage="0" crapScore="6" isConstructor="false" isStatic="false" isGetter="false" isSetter="false">
              <Summary numSequencePoints="9" visitedSequencePoints="0" numBranchPoints="3" visitedBranchPoints="0" sequenceCoverage="0" branchCoverage="0" maxCyclomaticComplexity="2" minCyclomaticComplexity="2" maxCrapScore="6" minCrapScore="6" visitedClasses="0" numClasses="0" visitedMethods="0" numMethods="1" />
              <MetadataToken>100663333</MetadataToken>
              <Name>System.Void Algorithms.MergeSort`1::MakeSort()</Name>
              <FileRef uid="7" />
              <SequencePoints>
                <SequencePoint vc="0" uspid="243" ordinal="0" offset="0" sl="17" sc="9" el="17" ec="10" bec="0" bev="0" fileid="7" />
                <SequencePoint vc="0" uspid="244" ordinal="1" offset="1" sl="18" sc="13" el="18" ec="38" bec="0" bev="0" fileid="7" />
                <SequencePoint vc="0" uspid="245" ordinal="2" offset="14" sl="19" sc="17" el="19" ec="24" bec="0" bev="0" fileid="7" />
                <SequencePoint vc="0" uspid="246" ordinal="3" offset="18" sl="20" sc="13" el="20" ec="14" bec="0" bev="0" fileid="7" />
                <SequencePoint vc="0" uspid="247" ordinal="4" offset="19" sl="21" sc="17" el="21" ec="35" bec="0" bev="0" fileid="7" />
                <SequencePoint vc="0" uspid="248" ordinal="5" offset="34" sl="22" sc="13" el="22" ec="14" bec="0" bev="0" fileid="7" />
                <SequencePoint vc="0" uspid="249" ordinal="6" offset="35" sl="19" sc="44" el="19" ec="47" bec="0" bev="0" fileid="7" />
                <SequencePoint vc="0" uspid="250" ordinal="7" offset="39" sl="19" sc="26" el="19" ec="42" bec="2" bev="0" fileid="7" />
                <SequencePoint vc="0" uspid="251" ordinal="8" offset="52" sl="23" sc="9" el="23" ec="10" bec="0" bev="0" fileid="7" />
              </SequencePoints>
              <BranchPoints>
                <BranchPoint vc="0" uspid="252" ordinal="0" offset="50" sl="19" path="0" offsetend="52" fileid="7" />
                <BranchPoint vc="0" uspid="253" ordinal="1" offset="50" sl="19" path="1" offsetend="18" fileid="7" />
              </BranchPoints>
              <MethodPoint xsi:type="SequencePoint" vc="0" uspid="243" ordinal="0" offset="0" sl="17" sc="9" el="17" ec="10" bec="0" bev="0" fileid="7" />
            </Method>
            <Method visited="false" cyclomaticComplexity="2" nPathComplexity="2" sequenceCoverage="0" branchCoverage="0" crapScore="6" isConstructor="false" isStatic="false" isGetter="false" isSetter="false">
              <Summary numSequencePoints="9" visitedSequencePoints="0" numBranchPoints="3" visitedBranchPoints="0" sequenceCoverage="0" branchCoverage="0" maxCyclomaticComplexity="2" minCyclomaticComplexity="2" maxCrapScore="6" minCrapScore="6" visitedClasses="0" numClasses="0" visitedMethods="0" numMethods="1" />
              <MetadataToken>100663334</MetadataToken>
              <Name>System.Collections.Generic.List`1&lt;T&gt; Algorithms.MergeSort`1::Sort(System.Collections.Generic.List`1&lt;T&gt;)</Name>
              <FileRef uid="7" />
              <SequencePoints>
                <SequencePoint vc="0" uspid="254" ordinal="0" offset="0" sl="26" sc="9" el="26" ec="10" bec="0" bev="0" fileid="7" />
                <SequencePoint vc="0" uspid="255" ordinal="1" offset="1" sl="27" sc="13" el="27" ec="34" bec="2" bev="0" fileid="7" />
                <SequencePoint vc="0" uspid="256" ordinal="2" offset="14" sl="28" sc="13" el="28" ec="14" bec="0" bev="0" fileid="7" />
                <SequencePoint vc="0" uspid="257" ordinal="3" offset="15" sl="29" sc="17" el="29" ec="30" bec="0" bev="0" fileid="7" />
                <SequencePoint vc="0" uspid="258" ordinal="4" offset="20" sl="31" sc="13" el="31" ec="39" bec="0" bev="0" fileid="7" />
                <SequencePoint vc="0" uspid="259" ordinal="5" offset="29" sl="33" sc="13" el="33" ec="49" bec="0" bev="0" fileid="7" />
                <SequencePoint vc="0" uspid="260" ordinal="6" offset="42" sl="34" sc="13" el="34" ec="50" bec="0" bev="0" fileid="7" />
                <SequencePoint vc="0" uspid="261" ordinal="7" offset="55" sl="36" sc="13" el="36" ec="51" bec="0" bev="0" fileid="7" />
                <SequencePoint vc="0" uspid="262" ordinal="8" offset="79" sl="37" sc="9" el="37" ec="10" bec="0" bev="0" fileid="7" />
              </SequencePoints>
              <BranchPoints>
                <BranchPoint vc="0" uspid="263" ordinal="0" offset="12" sl="27" path="0" offsetend="14" fileid="7" />
                <BranchPoint vc="0" uspid="264" ordinal="1" offset="12" sl="27" path="1" offsetend="20" fileid="7" />
              </BranchPoints>
              <MethodPoint xsi:type="SequencePoint" vc="0" uspid="254" ordinal="0" offset="0" sl="26" sc="9" el="26" ec="10" bec="0" bev="0" fileid="7" />
            </Method>
            <Method visited="false" cyclomaticComplexity="6" nPathComplexity="32" sequenceCoverage="0" branchCoverage="0" crapScore="42" isConstructor="false" isStatic="false" isGetter="false" isSetter="false">
              <Summary numSequencePoints="35" visitedSequencePoints="0" numBranchPoints="11" visitedBranchPoints="0" sequenceCoverage="0" branchCoverage="0" maxCyclomaticComplexity="6" minCyclomaticComplexity="6" maxCrapScore="42" minCrapScore="42" visitedClasses="0" numClasses="0" visitedMethods="0" numMethods="1" />
              <MetadataToken>100663335</MetadataToken>
              <Name>System.Collections.Generic.List`1&lt;T&gt; Algorithms.MergeSort`1::Merge(System.Collections.Generic.List`1&lt;T&gt;,System.Collections.Generic.List`1&lt;T&gt;)</Name>
              <FileRef uid="7" />
              <SequencePoints>
                <SequencePoint vc="0" uspid="265" ordinal="0" offset="0" sl="40" sc="9" el="40" ec="10" bec="0" bev="0" fileid="7" />
                <SequencePoint vc="0" uspid="266" ordinal="1" offset="1" sl="41" sc="13" el="41" ec="51" bec="0" bev="0" fileid="7" />
                <SequencePoint vc="0" uspid="267" ordinal="2" offset="15" sl="42" sc="13" el="42" ec="33" bec="0" bev="0" fileid="7" />
                <SequencePoint vc="0" uspid="268" ordinal="3" offset="17" sl="43" sc="13" el="43" ec="34" bec="0" bev="0" fileid="7" />
                <SequencePoint vc="0" uspid="269" ordinal="4" offset="19" sl="45" sc="13" el="45" ec="40" bec="0" bev="0" fileid="7" />
                <SequencePoint vc="0" uspid="270" ordinal="5" offset="25" sl="47" sc="18" el="47" ec="27" bec="0" bev="0" fileid="7" />
                <SequencePoint vc="0" uspid="271" ordinal="6" offset="33" sl="48" sc="13" el="48" ec="14" bec="0" bev="0" fileid="7" />
                <SequencePoint vc="0" uspid="272" ordinal="7" offset="34" sl="49" sc="17" el="49" ec="73" bec="4" bev="0" fileid="7" />
                <SequencePoint vc="0" uspid="273" ordinal="8" offset="61" sl="50" sc="17" el="50" ec="18" bec="0" bev="0" fileid="7" />
                <SequencePoint vc="0" uspid="274" ordinal="9" offset="62" sl="51" sc="21" el="51" ec="79" bec="2" bev="0" fileid="7" />
                <SequencePoint vc="0" uspid="275" ordinal="10" offset="91" sl="52" sc="21" el="52" ec="22" bec="0" bev="0" fileid="7" />
                <SequencePoint vc="0" uspid="276" ordinal="11" offset="92" sl="53" sc="25" el="53" ec="55" bec="0" bev="0" fileid="7" />
                <SequencePoint vc="0" uspid="277" ordinal="12" offset="106" sl="54" sc="25" el="54" ec="39" bec="0" bev="0" fileid="7" />
[...]
              </SequencePoints>
              <BranchPoints />
              <MethodPoint xsi:type="SequencePoint" vc="0" uspid="721" ordinal="0" offset="0" sl="9" sc="37" el="9" ec="41" bec="0" bev="0" fileid="17" />
            </Method>
            <Method visited="false" cyclomaticComplexity="1" nPathComplexity="0" sequenceCoverage="0" branchCoverage="0" crapScore="2" isConstructor="false" isStatic="false" isGetter="true" isSetter="false">
              <Summary numSequencePoints="1" visitedSequencePoints="0" numBranchPoints="1" visitedBranchPoints="0" sequenceCoverage="0" branchCoverage="0" maxCyclomaticComplexity="1" minCyclomaticComplexity="1" maxCrapScore="2" minCrapScore="2" visitedClasses="0" numClasses="0" visitedMethods="0" numMethods="1" />
              <MetadataToken>100663377</MetadataToken>
              <Name>System.Int32 Algorithms.DataSructures.Tree`1::get_Count()</Name>
              <FileRef uid="17" />
              <SequencePoints>
                <SequencePoint vc="0" uspid="722" ordinal="0" offset="0" sl="10" sc="28" el="10" ec="32" bec="0" bev="0" fileid="17" />
              </SequencePoints>
              <BranchPoints />
              <MethodPoint xsi:type="SequencePoint" vc="0" uspid="722" ordinal="0" offset="0" sl="10" sc="28" el="10" ec="32" bec="0" bev="0" fileid="17" />
            </Method>
            <Method visited="false" cyclomaticComplexity="1" nPathComplexity="0" sequenceCoverage="0" branchCoverage="0" crapScore="2" isConstructor="false" isStatic="false" isGetter="false" isSetter="true">
              <Summary numSequencePoints="1" visitedSequencePoints="0" numBranchPoints="1" visitedBranchPoints="0" sequenceCoverage="0" branchCoverage="0" maxCyclomaticComplexity="1" minCyclomaticComplexity="1" maxCrapScore="2" minCrapScore="2" visitedClasses="0" numClasses="0" visitedMethods="0" numMethods="1" />
              <MetadataToken>100663378</MetadataToken>
              <Name>System.Void Algorithms.DataSructures.Tree`1::set_Count(System.Int32)</Name>
              <FileRef uid="17" />
              <SequencePoints>
                <SequencePoint vc="0" uspid="723" ordinal="0" offset="0" sl="10" sc="33" el="10" ec="45" bec="0" bev="0" fileid="17" />
              </SequencePoints>
              <BranchPoints />
              <MethodPoint xsi:type="SequencePoint" vc="0" uspid="723" ordinal="0" offset="0" sl="10" sc="33" el="10" ec="45" bec="0" bev="0" fileid="17" />
            </Method>
            <Method visited="false" cyclomaticComplexity="1" nPathComplexity="0" sequenceCoverage="0" branchCoverage="0" crapScore="2" isConstructor="true" isStatic="false" isGetter="false" isSetter="false">
              <Summary numSequencePoints="4" visitedSequencePoints="0" numBranchPoints="1" visitedBranchPoints="0" sequenceCoverage="0" branchCoverage="0" maxCyclomaticComplexity="1" minCyclomaticComplexity="1" maxCrapScore="2" minCrapScore="2" visitedClasses="0" numClasses="0" visitedMethods="0" numMethods="1" />
              <MetadataToken>100663379</MetadataToken>
              <Name>System.Void Algorithms.DataSructures.Tree`1::.ctor()</Name>
              <FileRef uid="17" />
              <SequencePoints>
                <SequencePoint vc="0" uspid="724" ordinal="0" offset="0" sl="10" sc="50" el="10" ec="51" bec="0" bev="0" fileid="17" />
                <SequencePoint vc="0" uspid="725" ordinal="1" offset="7" sl="12" sc="9" el="12" ec="22" bec="0" bev="0" fileid="17" />
                <SequencePoint vc="0" uspid="726" ordinal="2" offset="14" sl="12" sc="23" el="12" ec="24" bec="0" bev="0" fileid="17" />
                <SequencePoint vc="0" uspid="727" ordinal="3" offset="15" sl="12" sc="25" el="12" ec="26" bec="0" bev="0" fileid="17" />
              </SequencePoints>
              <BranchPoints />
              <MethodPoint xsi:type="SequencePoint" vc="0" uspid="724" ordinal="0" offset="0" sl="10" sc="50" el="10" ec="51" bec="0" bev="0" fileid="17" />
            </Method>
            <Method visited="false" cyclomaticComplexity="2" nPathComplexity="2" sequenceCoverage="0" branchCoverage="0" crapScore="6" isConstructor="true" isStatic="false" isGetter="false" isSetter="false">
              <Summary numSequencePoints="14" visitedSequencePoints="0" numBranchPoints="3" visitedBranchPoints="0" sequenceCoverage="0" branchCoverage="0" maxCyclomaticComplexity="2" minCyclomaticComplexity="2" maxCrapScore="6" minCrapScore="6" visitedClasses="0" numClasses="0" visitedMethods="0" numMethods="1" />
              <MetadataToken>100663380</MetadataToken>
              <Name>System.Void Algorithms.DataSructures.Tree`1::.ctor(System.Collections.Generic.IEnumerable`1&lt;T&gt;)</Name>
              <FileRef uid="17" />
              <SequencePoints>
                <SequencePoint vc="0" uspid="728" ordinal="0" offset="0" sl="10" sc="50" el="10" ec="51" bec="0" bev="0" fileid="17" />
                <SequencePoint vc="0" uspid="729" ordinal="1" offset="7" sl="14" sc="9" el="14" ec="42" bec="0" bev="0" fileid="17" />
                <SequencePoint vc="0" uspid="730" ordinal="2" offset="14" sl="15" sc="9" el="15" ec="10" bec="0" bev="0" fileid="17" />
                <SequencePoint vc="0" uspid="731" ordinal="3" offset="15" sl="16" sc="13" el="16" ec="39" bec="0" bev="0" fileid="17" />
                <SequencePoint vc="0" uspid="732" ordinal="4" offset="22" sl="17" sc="18" el="17" ec="27" bec="0" bev="0" fileid="17" />
                <SequencePoint vc="0" uspid="733" ordinal="5" offset="26" sl="18" sc="13" el="18" ec="14" bec="0" bev="0" fileid="17" />
                <SequencePoint vc="0" uspid="734" ordinal="6" offset="27" sl="19" sc="17" el="19" ec="36" bec="0" bev="0" fileid="17" />
                <SequencePoint vc="0" uspid="735" ordinal="7" offset="35" sl="20" sc="17" el="20" ec="33" bec="0" bev="0" fileid="17" />
                <SequencePoint vc="0" uspid="736" ordinal="8" offset="48" sl="21" sc="17" el="21" ec="49" bec="0" bev="0" fileid="17" />
                <SequencePoint vc="0" uspid="737" ordinal="9" offset="56" sl="22" sc="17" el="22" ec="27" bec="0" bev="0" fileid="17" />
                <SequencePoint vc="0" uspid="738" ordinal="10" offset="64" sl="23" sc="13" el="23" ec="14" bec="0" bev="0" fileid="17" />
                <SequencePoint vc="0" uspid="739" ordinal="11" offset="65" sl="17" sc="48" el="17" ec="51" bec="0" bev="0" fileid="17" />
                <SequencePoint vc="0" uspid="740" ordinal="12" offset="69" sl="17" sc="29" el="17" ec="46" bec="2" bev="0" fileid="17" />
                <SequencePoint vc="0" uspid="741" ordinal="13" offset="84" sl="24" sc="9" el="24" ec="10" bec="0" bev="0" fileid="17" />
              </SequencePoints>
              <BranchPoints>
                <BranchPoint vc="0" uspid="742" ordinal="0" offset="82" sl="17" path="0" offsetend="84" fileid="17" />
                <BranchPoint vc="0" uspid="743" ordinal="1" offset="82" sl="17" path="1" offsetend="26" fileid="17" />
              </BranchPoints>
              <MethodPoint xsi:type="SequencePoint" vc="0" uspid="728" ordinal="0" offset="0" sl="10" sc="50" el="10" ec="51" bec="0" bev="0" fileid="17" />
            </Method>
            <Method visited="false" cyclomaticComplexity="2" nPathComplexity="2" sequenceCoverage="0" branchCoverage="0" crapScore="6" isConstructor="false" isStatic="false" isGetter="false" isSetter="false">
              <Summary numSequencePoints="9" visitedSequencePoints="0" numBranchPoints="3" visitedBranchPoints="0" sequenceCoverage="0" branchCoverage="0" maxCyclomaticComplexity="2" minCyclomaticComplexity="2" maxCrapScore="6" minCrapScore="6" visitedClasses="0" numClasses="0" visitedMethods="0" numMethods="1" />
              <MetadataToken>100663381</MetadataToken>
              <Name>System.Void Algorithms.DataSructures.Tree`1::Add(Algorithms.DataSructures.Node`1&lt;T&gt;)</Name>
              <FileRef uid="17" />
              <SequencePoints>
                <SequencePoint vc="0" uspid="744" ordinal="0" offset="0" sl="27" sc="9" el="27" ec="10" bec="0" bev="0" fileid="17" />
                <SequencePoint vc="0" uspid="745" ordinal="1" offset="1" sl="28" sc="13" el="28" ec="30" bec="2" bev="0" fileid="17" />
                <SequencePoint vc="0" uspid="746" ordinal="2" offset="14" sl="29" sc="13" el="29" ec="14" bec="0" bev="0" fileid="17" />
                <SequencePoint vc="0" uspid="747" ordinal="3" offset="15" sl="30" sc="17" el="30" ec="29" bec="0" bev="0" fileid="17" />
                <SequencePoint vc="0" uspid="748" ordinal="4" offset="23" sl="31" sc="17" el="31" ec="25" bec="0" bev="0" fileid="17" />
                <SequencePoint vc="0" uspid="749" ordinal="5" offset="31" sl="32" sc="17" el="32" ec="24" bec="0" bev="0" fileid="17" />
                <SequencePoint vc="0" uspid="750" ordinal="6" offset="33" sl="34" sc="13" el="34" ec="29" bec="0" bev="0" fileid="17" />
                <SequencePoint vc="0" uspid="751" ordinal="7" offset="47" sl="35" sc="13" el="35" ec="21" bec="0" bev="0" fileid="17" />
                <SequencePoint vc="0" uspid="752" ordinal="8" offset="64" sl="36" sc="9" el="36" ec="10" bec="0" bev="0" fileid="17" />
              </SequencePoints>
              <BranchPoints>
                <BranchPoint vc="0" uspid="753" ordinal="0" offset="12" sl="28" path="0" offsetend="14" fileid="17" />
                <BranchPoint vc="0" uspid="754" ordinal="1" offset="12" sl="28" path="1" offsetend="33" fileid="17" />
              </BranchPoints>
              <MethodPoint xsi:type="SequencePoint" vc="0" uspid="744" ordinal="0" offset="0" sl="27" sc="9" el="27" ec="10" bec="0" bev="0" fileid="17" />
            </Method>
            <Method visited="false" cyclomaticComplexity="1" nPathComplexity="0" sequenceCoverage="0" branchCoverage="0" crapScore="2" isConstructor="false" isStatic="false" isGetter="false" isSetter="false">
              <Summary numSequencePoints="3" visitedSequencePoints="0" numBranchPoints="1" visitedBranchPoints="0" sequenceCoverage="0" branchCoverage="0" maxCyclomaticComplexity="1" minCyclomaticComplexity="1" maxCrapScore="2" minCrapScore="2" visitedClasses="0" numClasses="0" visitedMethods="0" numMethods="1" />
              <MetadataToken>100663382</MetadataToken>
              <Name>System.Collections.Generic.List`1&lt;Algorithms.DataSructures.Node`1&lt;T&gt;&gt; Algorithms.DataSructures.Tree`1::Inorder()</Name>
              <FileRef uid="17" />
              <SequencePoints>
                <SequencePoint vc="0" uspid="755" ordinal="0" offset="0" sl="39" sc="9" el="39" ec="10" bec="0" bev="0" fileid="17" />
                <SequencePoint vc="0" uspid="756" ordinal="1" offset="1" sl="40" sc="13" el="40" ec="34" bec="0" bev="0" fileid="17" />
                <SequencePoint vc="0" uspid="757" ordinal="2" offset="16" sl="41" sc="9" el="41" ec="10" bec="0" bev="0" fileid="17" />
              </SequencePoints>
              <BranchPoints />
              <MethodPoint xsi:type="SequencePoint" vc="0" uspid="755" ordinal="0" offset="0" sl="39" sc="9" el="39" ec="10" bec="0" bev="0" fileid="17" />
            </Method>
            <Method visited="false" cyclomaticComplexity="4" nPathComplexity="8" sequenceCoverage="0" branchCoverage="0" crapScore="20" isConstructor="false" isStatic="false" isGetter="false" isSetter="false">
              <Summary numSequencePoints="16" visitedSequencePoints="0" numBranchPoints="7" visitedBranchPoints="0" sequenceCoverage="0" branchCoverage="0" maxCyclomaticComplexity="4" minCyclomaticComplexity="4" maxCrapScore="20" minCrapScore="20" visitedClasses="0" numClasses="0" visitedMethods="0" numMethods="1" />
              <MetadataToken>100663383</MetadataToken>
              <Name>System.Collections.Generic.List`1&lt;Algorithms.DataSructures.Node`1&lt;T&gt;&gt; Algorithms.DataSructures.Tree`1::Inorder(Algorithms.DataSructures.Node`1&lt;T&gt;)</Name>
              <FileRef uid="17" />
              <SequencePoints>
                <SequencePoint vc="0" uspid="758" ordinal="0" offset="0" sl="44" sc="9" el="44" ec="10" bec="0" bev="0" fileid="17" />
                <SequencePoint vc="0" uspid="759" ordinal="1" offset="1" sl="45" sc="13" el="45" ec="46" bec="0" bev="0" fileid="17" />
                <SequencePoint vc="0" uspid="760" ordinal="2" offset="7" sl="46" sc="13" el="46" ec="30" bec="2" bev="0" fileid="17" />
                <SequencePoint vc="0" uspid="761" ordinal="3" offset="15" sl="47" sc="13" el="47" ec="14" bec="0" bev="0" fileid="17" />
                <SequencePoint vc="0" uspid="762" ordinal="4" offset="16" sl="48" sc="17" el="48" ec="39" bec="2" bev="0" fileid="17" />
                <SequencePoint vc="0" uspid="763" ordinal="5" offset="29" sl="49" sc="17" el="49" ec="18" bec="0" bev="0" fileid="17" />
                <SequencePoint vc="0" uspid="764" ordinal="6" offset="30" sl="50" sc="21" el="50" ec="57" bec="0" bev="0" fileid="17" />
                <SequencePoint vc="0" uspid="765" ordinal="7" offset="49" sl="51" sc="17" el="51" ec="18" bec="0" bev="0" fileid="17" />
                <SequencePoint vc="0" uspid="766" ordinal="8" offset="50" sl="52" sc="17" el="52" ec="34" bec="0" bev="0" fileid="17" />
                <SequencePoint vc="0" uspid="767" ordinal="9" offset="58" sl="53" sc="17" el="53" ec="40" bec="2" bev="0" fileid="17" />
                <SequencePoint vc="0" uspid="768" ordinal="10" offset="71" sl="54" sc="17" el="54" ec="18" bec="0" bev="0" fileid="17" />
                <SequencePoint vc="0" uspid="769" ordinal="11" offset="72" sl="55" sc="21" el="55" ec="58" bec="0" bev="0" fileid="17" />
                <SequencePoint vc="0" uspid="770" ordinal="12" offset="91" sl="56" sc="17" el="56" ec="18" bec="0" bev="0" fileid="17" />
                <SequencePoint vc="0" uspid="771" ordinal="13" offset="92" sl="57" sc="13" el="57" ec="14" bec="0" bev="0" fileid="17" />
                <SequencePoint vc="0" uspid="772" ordinal="14" offset="93" sl="58" sc="13" el="58" ec="27" bec="0" bev="0" fileid="17" />
                <SequencePoint vc="0" uspid="773" ordinal="15" offset="98" sl="59" sc="9" el="59" ec="10" bec="0" bev="0" fileid="17" />
              </SequencePoints>
              <BranchPoints>
                <BranchPoint vc="0" uspid="774" ordinal="0" offset="13" sl="46" path="0" offsetend="15" fileid="17" />
                <BranchPoint vc="0" uspid="775" ordinal="1" offset="13" sl="46" path="1" offsetend="93" fileid="17" />
                <BranchPoint vc="0" uspid="776" ordinal="2" offset="27" sl="48" path="0" offsetend="29" fileid="17" />
                <BranchPoint vc="0" uspid="777" ordinal="3" offset="27" sl="48" path="1" offsetend="50" fileid="17" />
                <BranchPoint vc="0" uspid="778" ordinal="4" offset="69" sl="53" path="0" offsetend="71" fileid="17" />
                <BranchPoint vc="0" uspid="779" ordinal="5" offset="69" sl="53" path="1" offsetend="92" fileid="17" />
              </BranchPoints>
              <MethodPoint xsi:type="SequencePoint" vc="0" uspid="758" ordinal="0" offset="0" sl="44" sc="9" el="44" ec="10" bec="0" bev="0" fileid="17" />
            </Method>
            <Method visited="false" cyclomaticComplexity="4" nPathComplexity="8" sequenceCoverage="0" branchCoverage="0" crapScore="20" isConstructor="false" isStatic="false" isGetter="false" isSetter="false">
              <Summary numSequencePoints="21" visitedSequencePoints="0" numBranchPoints="7" visitedBranchPoints="0" sequenceCoverage="0" branchCoverage="0" maxCyclomaticComplexity="4" minCyclomaticComplexity="4" maxCrapScore="20" minCrapScore="20" visitedClasses="0" numClasses="0" visitedMethods="0" numMethods="1" />
              <MetadataToken>100663384</MetadataToken>
              <Name>System.Void Algorithms.DataSructures.Tree`1::Add(Algorithms.DataSructures.Node`1&lt;T&gt;,Algorithms.DataSructures.Node`1&lt;T&gt;)</Name>
              <FileRef uid="17" />
              <SequencePoints>
                <SequencePoint vc="0" uspid="780" ordinal="0" offset="0" sl="62" sc="9" el="62" ec="10" bec="0" bev="0" fileid="17" />
                <SequencePoint vc="0" uspid="781" ordinal="1" offset="1" sl="63" sc="13" el="63" ec="55" bec="2" bev="0" fileid="17" />
                <SequencePoint vc="0" uspid="782" ordinal="2" offset="26" sl="64" sc="13" el="64" ec="14" bec="0" bev="0" fileid="17" />
                <SequencePoint vc="0" uspid="783" ordinal="3" offset="27" sl="65" sc="17" el="65" ec="39" bec="2" bev="0" fileid="17" />
                <SequencePoint vc="0" uspid="784" ordinal="4" offset="40" sl="66" sc="17" el="66" ec="18" bec="0" bev="0" fileid="17" />
                <SequencePoint vc="0" uspid="785" ordinal="5" offset="41" sl="67" sc="21" el="67" ec="41" bec="0" bev="0" fileid="17" />
                <SequencePoint vc="0" uspid="786" ordinal="6" offset="49" sl="68" sc="17" el="68" ec="18" bec="0" bev="0" fileid="17" />
                <SequencePoint vc="0" uspid="787" ordinal="7" offset="52" sl="70" sc="17" el="70" ec="18" bec="0" bev="0" fileid="17" />
                <SequencePoint vc="0" uspid="788" ordinal="8" offset="53" sl="71" sc="21" el="71" ec="45" bec="0" bev="0" fileid="17" />
                <SequencePoint vc="0" uspid="789" ordinal="9" offset="67" sl="72" sc="17" el="72" ec="18" bec="0" bev="0" fileid="17" />
                <SequencePoint vc="0" uspid="790" ordinal="10" offset="68" sl="73" sc="13" el="73" ec="14" bec="0" bev="0" fileid="17" />
                <SequencePoint vc="0" uspid="791" ordinal="11" offset="71" sl="75" sc="13" el="75" ec="14" bec="0" bev="0" fileid="17" />
                <SequencePoint vc="0" uspid="792" ordinal="12" offset="72" sl="76" sc="17" el="76" ec="40" bec="2" bev="0" fileid="17" />
                <SequencePoint vc="0" uspid="793" ordinal="13" offset="85" sl="77" sc="17" el="77" ec="18" bec="0" bev="0" fileid="17" />
                <SequencePoint vc="0" uspid="794" ordinal="14" offset="86" sl="78" sc="21" el="78" ec="42" bec="0" bev="0" fileid="17" />
                <SequencePoint vc="0" uspid="795" ordinal="15" offset="94" sl="79" sc="17" el="79" ec="18" bec="0" bev="0" fileid="17" />
                <SequencePoint vc="0" uspid="796" ordinal="16" offset="97" sl="81" sc="17" el="81" ec="18" bec="0" bev="0" fileid="17" />
                <SequencePoint vc="0" uspid="797" ordinal="17" offset="98" sl="82" sc="20" el="82" ec="44" bec="0" bev="0" fileid="17" />
                <SequencePoint vc="0" uspid="798" ordinal="18" offset="112" sl="83" sc="17" el="83" ec="18" bec="0" bev="0" fileid="17" />
                <SequencePoint vc="0" uspid="799" ordinal="19" offset="113" sl="84" sc="13" el="84" ec="14" bec="0" bev="0" fileid="17" />
                <SequencePoint vc="0" uspid="800" ordinal="20" offset="114" sl="85" sc="9" el="85" ec="10" bec="0" bev="0" fileid="17" />
              </SequencePoints>
              <BranchPoints>
                <BranchPoint vc="0" uspid="801" ordinal="0" offset="24" sl="63" path="0" offsetend="26" fileid="17" />
                <BranchPoint vc="0" uspid="802" ordinal="1" offset="24" sl="63" path="1" offsetend="71" fileid="17" />
                <BranchPoint vc="0" uspid="803" ordinal="2" offset="38" sl="65" path="0" offsetend="40" fileid="17" />
                <BranchPoint vc="0" uspid="804" ordinal="3" offset="38" sl="65" path="1" offsetend="52" fileid="17" />
                <BranchPoint vc="0" uspid="805" ordinal="4" offset="83" sl="76" path="0" offsetend="85" fileid="17" />
                <BranchPoint vc="0" uspid="806" ordinal="5" offset="83" sl="76" path="1" offsetend="97" fileid="17" />
              </BranchPoints>
              <MethodPoint xsi:type="SequencePoint" vc="0" uspid="780" ordinal="0" offset="0" sl="62" sc="9" el="62" ec="10" bec="0" bev="0" fileid="17" />
            </Method>
          </Methods>
        </Class>
      </Classes>
    </Module>
  </Modules>
</CoverageSession>